CRITICAL - 2023-12-27 03:41:04 --> Undefined array key "email_director1"
in APPPATH\Controllers\TESTController.php on line 95.
 1 APPPATH\Controllers\TESTController.php(95): CodeIgniter\Debug\Exceptions->errorHandler(2, 'Undefined array key "email_director1"', 'C:\\xampp\\htdocs\\project-spms\\app\\Controllers\\TESTController.php', 95)
 2 SYSTEMPATH\CodeIgniter.php(942): App\Controllers\TESTController->get_data_test_type1('monday', '9', '3')
 3 SYSTEMPATH\CodeIgniter.php(502): CodeIgniter\CodeIgniter->runController(Object(App\Controllers\TESTController))
 4 SYSTEMPATH\CodeIgniter.php(361): CodeIgniter\CodeIgniter->handleRequest(null, Object(Config\Cache), false)
 5 FCPATH\index.php(79): CodeIgniter\CodeIgniter->run()
CRITICAL - 2023-12-27 03:41:08 --> Undefined array key "email_director1"
in APPPATH\Controllers\TESTController.php on line 95.
 1 APPPATH\Controllers\TESTController.php(95): CodeIgniter\Debug\Exceptions->errorHandler(2, 'Undefined array key "email_director1"', 'C:\\xampp\\htdocs\\project-spms\\app\\Controllers\\TESTController.php', 95)
 2 SYSTEMPATH\CodeIgniter.php(942): App\Controllers\TESTController->get_data_test_type1('monday', '9', '3')
 3 SYSTEMPATH\CodeIgniter.php(502): CodeIgniter\CodeIgniter->runController(Object(App\Controllers\TESTController))
 4 SYSTEMPATH\CodeIgniter.php(361): CodeIgniter\CodeIgniter->handleRequest(null, Object(Config\Cache), false)
 5 FCPATH\index.php(79): CodeIgniter\CodeIgniter->run()
CRITICAL - 2023-12-27 04:19:01 --> Trying to access array offset on value of type null
in APPPATH\Controllers\TESTController.php on line 120.
 1 APPPATH\Controllers\TESTController.php(120): CodeIgniter\Debug\Exceptions->errorHandler(2, 'Trying to access array offset on value of type null', 'C:\\xampp\\htdocs\\project-spms\\app\\Controllers\\TESTController.php', 120)
 2 SYSTEMPATH\CodeIgniter.php(942): App\Controllers\TESTController->get_data_test_type_student('1')
 3 SYSTEMPATH\CodeIgniter.php(502): CodeIgniter\CodeIgniter->runController(Object(App\Controllers\TESTController))
 4 SYSTEMPATH\CodeIgniter.php(361): CodeIgniter\CodeIgniter->handleRequest(null, Object(Config\Cache), false)
 5 FCPATH\index.php(79): CodeIgniter\CodeIgniter->run()
CRITICAL - 2023-12-27 04:19:10 --> Trying to access array offset on value of type null
in APPPATH\Controllers\TESTController.php on line 120.
 1 APPPATH\Controllers\TESTController.php(120): CodeIgniter\Debug\Exceptions->errorHandler(2, 'Trying to access array offset on value of type null', 'C:\\xampp\\htdocs\\project-spms\\app\\Controllers\\TESTController.php', 120)
 2 SYSTEMPATH\CodeIgniter.php(942): App\Controllers\TESTController->get_data_test_type_student('1')
 3 SYSTEMPATH\CodeIgniter.php(502): CodeIgniter\CodeIgniter->runController(Object(App\Controllers\TESTController))
 4 SYSTEMPATH\CodeIgniter.php(361): CodeIgniter\CodeIgniter->handleRequest(null, Object(Config\Cache), false)
 5 FCPATH\index.php(79): CodeIgniter\CodeIgniter->run()
CRITICAL - 2023-12-27 04:25:57 --> Undefined array key "email_student"
in APPPATH\Controllers\TESTController.php on line 116.
 1 APPPATH\Controllers\TESTController.php(116): CodeIgniter\Debug\Exceptions->errorHandler(2, 'Undefined array key "email_student"', 'C:\\xampp\\htdocs\\project-spms\\app\\Controllers\\TESTController.php', 116)
 2 SYSTEMPATH\CodeIgniter.php(942): App\Controllers\TESTController->get_data_test_type_student('1')
 3 SYSTEMPATH\CodeIgniter.php(502): CodeIgniter\CodeIgniter->runController(Object(App\Controllers\TESTController))
 4 SYSTEMPATH\CodeIgniter.php(361): CodeIgniter\CodeIgniter->handleRequest(null, Object(Config\Cache), false)
 5 FCPATH\index.php(79): CodeIgniter\CodeIgniter->run()
CRITICAL - 2023-12-27 04:26:00 --> Undefined array key "email_student"
in APPPATH\Controllers\TESTController.php on line 116.
 1 APPPATH\Controllers\TESTController.php(116): CodeIgniter\Debug\Exceptions->errorHandler(2, 'Undefined array key "email_student"', 'C:\\xampp\\htdocs\\project-spms\\app\\Controllers\\TESTController.php', 116)
 2 SYSTEMPATH\CodeIgniter.php(942): App\Controllers\TESTController->get_data_test_type_student('1')
 3 SYSTEMPATH\CodeIgniter.php(502): CodeIgniter\CodeIgniter->runController(Object(App\Controllers\TESTController))
 4 SYSTEMPATH\CodeIgniter.php(361): CodeIgniter\CodeIgniter->handleRequest(null, Object(Config\Cache), false)
 5 FCPATH\index.php(79): CodeIgniter\CodeIgniter->run()
CRITICAL - 2023-12-27 04:29:53 --> Undefined array key "id_project"
in APPPATH\Controllers\TESTController.php on line 116.
 1 APPPATH\Controllers\TESTController.php(116): CodeIgniter\Debug\Exceptions->errorHandler(2, 'Undefined array key "id_project"', 'C:\\xampp\\htdocs\\project-spms\\app\\Controllers\\TESTController.php', 116)
 2 SYSTEMPATH\CodeIgniter.php(942): App\Controllers\TESTController->get_data_test_type_student('1')
 3 SYSTEMPATH\CodeIgniter.php(502): CodeIgniter\CodeIgniter->runController(Object(App\Controllers\TESTController))
 4 SYSTEMPATH\CodeIgniter.php(361): CodeIgniter\CodeIgniter->handleRequest(null, Object(Config\Cache), false)
 5 FCPATH\index.php(79): CodeIgniter\CodeIgniter->run()
CRITICAL - 2023-12-27 04:29:55 --> Undefined array key "id_project"
in APPPATH\Controllers\TESTController.php on line 116.
 1 APPPATH\Controllers\TESTController.php(116): CodeIgniter\Debug\Exceptions->errorHandler(2, 'Undefined array key "id_project"', 'C:\\xampp\\htdocs\\project-spms\\app\\Controllers\\TESTController.php', 116)
 2 SYSTEMPATH\CodeIgniter.php(942): App\Controllers\TESTController->get_data_test_type_student('1')
 3 SYSTEMPATH\CodeIgniter.php(502): CodeIgniter\CodeIgniter->runController(Object(App\Controllers\TESTController))
 4 SYSTEMPATH\CodeIgniter.php(361): CodeIgniter\CodeIgniter->handleRequest(null, Object(Config\Cache), false)
 5 FCPATH\index.php(79): CodeIgniter\CodeIgniter->run()
CRITICAL - 2023-12-27 04:30:23 --> Undefined array key "id_project"
in APPPATH\Controllers\TESTController.php on line 116.
 1 APPPATH\Controllers\TESTController.php(116): CodeIgniter\Debug\Exceptions->errorHandler(2, 'Undefined array key "id_project"', 'C:\\xampp\\htdocs\\project-spms\\app\\Controllers\\TESTController.php', 116)
 2 SYSTEMPATH\CodeIgniter.php(942): App\Controllers\TESTController->get_data_test_type_student('1')
 3 SYSTEMPATH\CodeIgniter.php(502): CodeIgniter\CodeIgniter->runController(Object(App\Controllers\TESTController))
 4 SYSTEMPATH\CodeIgniter.php(361): CodeIgniter\CodeIgniter->handleRequest(null, Object(Config\Cache), false)
 5 FCPATH\index.php(79): CodeIgniter\CodeIgniter->run()
CRITICAL - 2023-12-27 04:30:49 --> Undefined array key "id_project"
in APPPATH\Controllers\TESTController.php on line 117.
 1 APPPATH\Controllers\TESTController.php(117): CodeIgniter\Debug\Exceptions->errorHandler(2, 'Undefined array key "id_project"', 'C:\\xampp\\htdocs\\project-spms\\app\\Controllers\\TESTController.php', 117)
 2 SYSTEMPATH\CodeIgniter.php(942): App\Controllers\TESTController->get_data_test_type_student('1')
 3 SYSTEMPATH\CodeIgniter.php(502): CodeIgniter\CodeIgniter->runController(Object(App\Controllers\TESTController))
 4 SYSTEMPATH\CodeIgniter.php(361): CodeIgniter\CodeIgniter->handleRequest(null, Object(Config\Cache), false)
 5 FCPATH\index.php(79): CodeIgniter\CodeIgniter->run()
CRITICAL - 2023-12-27 04:30:51 --> Undefined array key "id_project"
in APPPATH\Controllers\TESTController.php on line 117.
 1 APPPATH\Controllers\TESTController.php(117): CodeIgniter\Debug\Exceptions->errorHandler(2, 'Undefined array key "id_project"', 'C:\\xampp\\htdocs\\project-spms\\app\\Controllers\\TESTController.php', 117)
 2 SYSTEMPATH\CodeIgniter.php(942): App\Controllers\TESTController->get_data_test_type_student('1')
 3 SYSTEMPATH\CodeIgniter.php(502): CodeIgniter\CodeIgniter->runController(Object(App\Controllers\TESTController))
 4 SYSTEMPATH\CodeIgniter.php(361): CodeIgniter\CodeIgniter->handleRequest(null, Object(Config\Cache), false)
 5 FCPATH\index.php(79): CodeIgniter\CodeIgniter->run()
CRITICAL - 2023-12-27 04:31:14 --> Undefined array key "id_project"
in APPPATH\Controllers\TESTController.php on line 117.
 1 APPPATH\Controllers\TESTController.php(117): CodeIgniter\Debug\Exceptions->errorHandler(2, 'Undefined array key "id_project"', 'C:\\xampp\\htdocs\\project-spms\\app\\Controllers\\TESTController.php', 117)
 2 SYSTEMPATH\CodeIgniter.php(942): App\Controllers\TESTController->get_data_test_type_student('1')
 3 SYSTEMPATH\CodeIgniter.php(502): CodeIgniter\CodeIgniter->runController(Object(App\Controllers\TESTController))
 4 SYSTEMPATH\CodeIgniter.php(361): CodeIgniter\CodeIgniter->handleRequest(null, Object(Config\Cache), false)
 5 FCPATH\index.php(79): CodeIgniter\CodeIgniter->run()
CRITICAL - 2023-12-27 06:37:03 --> syntax error, unexpected token "return", expecting "function" or "const"
in APPPATH\Controllers\TESTController.php on line 133.
 1 SYSTEMPATH\Autoloader\Autoloader.php(291): CodeIgniter\Autoloader\Autoloader->includeFile('C:\\xampp\\htdocs\\project-spms\\app\\Controllers\\TESTController.php')
 2 SYSTEMPATH\Autoloader\Autoloader.php(269): CodeIgniter\Autoloader\Autoloader->loadInNamespace('App\\Controllers\\TESTController')
 3 [internal function]: CodeIgniter\Autoloader\Autoloader->loadClass('App\\Controllers\\TESTController')
 4 SYSTEMPATH\CodeIgniter.php(900): class_exists('\\App\\Controllers\\TESTController', true)
 5 SYSTEMPATH\CodeIgniter.php(489): CodeIgniter\CodeIgniter->startController()
 6 SYSTEMPATH\CodeIgniter.php(361): CodeIgniter\CodeIgniter->handleRequest(null, Object(Config\Cache), false)
 7 FCPATH\index.php(79): CodeIgniter\CodeIgniter->run()
CRITICAL - 2023-12-27 08:48:46 --> Undefined array key "data_test_"
in APPPATH\Controllers\TESTController.php on line 129.
 1 APPPATH\Controllers\TESTController.php(129): CodeIgniter\Debug\Exceptions->errorHandler(2, 'Undefined array key "data_test_"', 'C:\\xampp\\htdocs\\project-spms\\app\\Controllers\\TESTController.php', 129)
 2 SYSTEMPATH\CodeIgniter.php(942): App\Controllers\TESTController->get_data_test_type_student('1')
 3 SYSTEMPATH\CodeIgniter.php(502): CodeIgniter\CodeIgniter->runController(Object(App\Controllers\TESTController))
 4 SYSTEMPATH\CodeIgniter.php(361): CodeIgniter\CodeIgniter->handleRequest(null, Object(Config\Cache), false)
 5 FCPATH\index.php(79): CodeIgniter\CodeIgniter->run()
CRITICAL - 2023-12-27 08:49:04 --> Undefined array key "data_test_"
in APPPATH\Controllers\TESTController.php on line 129.
 1 APPPATH\Controllers\TESTController.php(129): CodeIgniter\Debug\Exceptions->errorHandler(2, 'Undefined array key "data_test_"', 'C:\\xampp\\htdocs\\project-spms\\app\\Controllers\\TESTController.php', 129)
 2 SYSTEMPATH\CodeIgniter.php(942): App\Controllers\TESTController->get_data_test_type_student('1')
 3 SYSTEMPATH\CodeIgniter.php(502): CodeIgniter\CodeIgniter->runController(Object(App\Controllers\TESTController))
 4 SYSTEMPATH\CodeIgniter.php(361): CodeIgniter\CodeIgniter->handleRequest(null, Object(Config\Cache), false)
 5 FCPATH\index.php(79): CodeIgniter\CodeIgniter->run()
CRITICAL - 2023-12-27 08:50:45 --> Undefined array key "data_test_"
in APPPATH\Controllers\TESTController.php on line 129.
 1 APPPATH\Controllers\TESTController.php(129): CodeIgniter\Debug\Exceptions->errorHandler(2, 'Undefined array key "data_test_"', 'C:\\xampp\\htdocs\\project-spms\\app\\Controllers\\TESTController.php', 129)
 2 SYSTEMPATH\CodeIgniter.php(942): App\Controllers\TESTController->get_data_test_type_student('1')
 3 SYSTEMPATH\CodeIgniter.php(502): CodeIgniter\CodeIgniter->runController(Object(App\Controllers\TESTController))
 4 SYSTEMPATH\CodeIgniter.php(361): CodeIgniter\CodeIgniter->handleRequest(null, Object(Config\Cache), false)
 5 FCPATH\index.php(79): CodeIgniter\CodeIgniter->run()
CRITICAL - 2023-12-27 08:50:50 --> Undefined array key "data_test_"
in APPPATH\Controllers\TESTController.php on line 129.
 1 APPPATH\Controllers\TESTController.php(129): CodeIgniter\Debug\Exceptions->errorHandler(2, 'Undefined array key "data_test_"', 'C:\\xampp\\htdocs\\project-spms\\app\\Controllers\\TESTController.php', 129)
 2 SYSTEMPATH\CodeIgniter.php(942): App\Controllers\TESTController->get_data_test_type_student('1')
 3 SYSTEMPATH\CodeIgniter.php(502): CodeIgniter\CodeIgniter->runController(Object(App\Controllers\TESTController))
 4 SYSTEMPATH\CodeIgniter.php(361): CodeIgniter\CodeIgniter->handleRequest(null, Object(Config\Cache), false)
 5 FCPATH\index.php(79): CodeIgniter\CodeIgniter->run()
CRITICAL - 2023-12-27 08:52:08 --> in_array(): Argument #2 ($haystack) must be of type array, string given
in APPPATH\Controllers\TESTController.php on line 155.
 1 APPPATH\Controllers\TESTController.php(155): in_array('manayaphorn.p@kmutnb.ac.th', 'oraurai.s@kmutnb.ac.th')
 2 SYSTEMPATH\CodeIgniter.php(942): App\Controllers\TESTController->get_data_test_type_teacher('1')
 3 SYSTEMPATH\CodeIgniter.php(502): CodeIgniter\CodeIgniter->runController(Object(App\Controllers\TESTController))
 4 SYSTEMPATH\CodeIgniter.php(361): CodeIgniter\CodeIgniter->handleRequest(null, Object(Config\Cache), false)
 5 FCPATH\index.php(79): CodeIgniter\CodeIgniter->run()
CRITICAL - 2023-12-27 08:52:11 --> in_array(): Argument #2 ($haystack) must be of type array, string given
in APPPATH\Controllers\TESTController.php on line 155.
 1 APPPATH\Controllers\TESTController.php(155): in_array('manayaphorn.p@kmutnb.ac.th', 'oraurai.s@kmutnb.ac.th')
 2 SYSTEMPATH\CodeIgniter.php(942): App\Controllers\TESTController->get_data_test_type_teacher('1')
 3 SYSTEMPATH\CodeIgniter.php(502): CodeIgniter\CodeIgniter->runController(Object(App\Controllers\TESTController))
 4 SYSTEMPATH\CodeIgniter.php(361): CodeIgniter\CodeIgniter->handleRequest(null, Object(Config\Cache), false)
 5 FCPATH\index.php(79): CodeIgniter\CodeIgniter->run()
CRITICAL - 2023-12-27 08:53:05 --> Undefined array key 0
in APPPATH\Controllers\TESTController.php on line 155.
 1 APPPATH\Controllers\TESTController.php(155): CodeIgniter\Debug\Exceptions->errorHandler(2, 'Undefined array key 0', 'C:\\xampp\\htdocs\\project-spms\\app\\Controllers\\TESTController.php', 155)
 2 SYSTEMPATH\CodeIgniter.php(942): App\Controllers\TESTController->get_data_test_type_teacher('1')
 3 SYSTEMPATH\CodeIgniter.php(502): CodeIgniter\CodeIgniter->runController(Object(App\Controllers\TESTController))
 4 SYSTEMPATH\CodeIgniter.php(361): CodeIgniter\CodeIgniter->handleRequest(null, Object(Config\Cache), false)
 5 FCPATH\index.php(79): CodeIgniter\CodeIgniter->run()
CRITICAL - 2023-12-27 08:53:08 --> Undefined array key 0
in APPPATH\Controllers\TESTController.php on line 155.
 1 APPPATH\Controllers\TESTController.php(155): CodeIgniter\Debug\Exceptions->errorHandler(2, 'Undefined array key 0', 'C:\\xampp\\htdocs\\project-spms\\app\\Controllers\\TESTController.php', 155)
 2 SYSTEMPATH\CodeIgniter.php(942): App\Controllers\TESTController->get_data_test_type_teacher('1')
 3 SYSTEMPATH\CodeIgniter.php(502): CodeIgniter\CodeIgniter->runController(Object(App\Controllers\TESTController))
 4 SYSTEMPATH\CodeIgniter.php(361): CodeIgniter\CodeIgniter->handleRequest(null, Object(Config\Cache), false)
 5 FCPATH\index.php(79): CodeIgniter\CodeIgniter->run()
