CRITICAL - 2023-12-25 02:47:40 --> Array to string conversion
in APPPATH\Views\officer\time_test_list.php on line 115.
 1 APPPATH\Views\officer\time_test_list.php(115): CodeIgniter\Debug\Exceptions->errorHandler(2, 'Array to string conversion', 'C:\\xampp\\htdocs\\project-spms\\app\\Views\\officer\\time_test_list.php', 115)
 2 SYSTEMPATH\View\View.php(228): include('C:\\xampp\\htdocs\\project-spms\\app\\Views\\officer\\time_test_list.php')
 3 SYSTEMPATH\View\View.php(231): CodeIgniter\View\View->CodeIgniter\View\{closure}()
 4 SYSTEMPATH\Common.php(1190): CodeIgniter\View\View->render('officer/time_test_list', [], true)
 5 APPPATH\Controllers\PageController.php(138): view('officer/time_test_list', [...])
 6 SYSTEMPATH\CodeIgniter.php(942): App\Controllers\PageController->index_testtime()
 7 SYSTEMPATH\CodeIgniter.php(502): CodeIgniter\CodeIgniter->runController(Object(App\Controllers\PageController))
 8 SYSTEMPATH\CodeIgniter.php(361): CodeIgniter\CodeIgniter->handleRequest(null, Object(Config\Cache), false)
 9 FCPATH\index.php(79): CodeIgniter\CodeIgniter->run()
CRITICAL - 2023-12-25 02:53:43 --> Array to string conversion
in APPPATH\Views\officer\time_test_list.php on line 113.
 1 APPPATH\Views\officer\time_test_list.php(113): CodeIgniter\Debug\Exceptions->errorHandler(2, 'Array to string conversion', 'C:\\xampp\\htdocs\\project-spms\\app\\Views\\officer\\time_test_list.php', 113)
 2 SYSTEMPATH\View\View.php(228): include('C:\\xampp\\htdocs\\project-spms\\app\\Views\\officer\\time_test_list.php')
 3 SYSTEMPATH\View\View.php(231): CodeIgniter\View\View->CodeIgniter\View\{closure}()
 4 SYSTEMPATH\Common.php(1190): CodeIgniter\View\View->render('officer/time_test_list', [], true)
 5 APPPATH\Controllers\PageController.php(138): view('officer/time_test_list', [...])
 6 SYSTEMPATH\CodeIgniter.php(942): App\Controllers\PageController->index_testtime()
 7 SYSTEMPATH\CodeIgniter.php(502): CodeIgniter\CodeIgniter->runController(Object(App\Controllers\PageController))
 8 SYSTEMPATH\CodeIgniter.php(361): CodeIgniter\CodeIgniter->handleRequest(null, Object(Config\Cache), false)
 9 FCPATH\index.php(79): CodeIgniter\CodeIgniter->run()
CRITICAL - 2023-12-25 02:58:53 --> Array to string conversion
in APPPATH\Views\officer\time_test_list.php on line 114.
 1 APPPATH\Views\officer\time_test_list.php(114): CodeIgniter\Debug\Exceptions->errorHandler(2, 'Array to string conversion', 'C:\\xampp\\htdocs\\project-spms\\app\\Views\\officer\\time_test_list.php', 114)
 2 SYSTEMPATH\View\View.php(228): include('C:\\xampp\\htdocs\\project-spms\\app\\Views\\officer\\time_test_list.php')
 3 SYSTEMPATH\View\View.php(231): CodeIgniter\View\View->CodeIgniter\View\{closure}()
 4 SYSTEMPATH\Common.php(1190): CodeIgniter\View\View->render('officer/time_test_list', [], true)
 5 APPPATH\Controllers\PageController.php(138): view('officer/time_test_list', [...])
 6 SYSTEMPATH\CodeIgniter.php(942): App\Controllers\PageController->index_testtime()
 7 SYSTEMPATH\CodeIgniter.php(502): CodeIgniter\CodeIgniter->runController(Object(App\Controllers\PageController))
 8 SYSTEMPATH\CodeIgniter.php(361): CodeIgniter\CodeIgniter->handleRequest(null, Object(Config\Cache), false)
 9 FCPATH\index.php(79): CodeIgniter\CodeIgniter->run()
CRITICAL - 2023-12-25 03:00:08 --> implode(): Argument #2 ($array) must be of type ?array, string given
in APPPATH\Views\officer\time_test_list.php on line 114.
 1 APPPATH\Views\officer\time_test_list.php(114): implode(',', '3')
 2 SYSTEMPATH\View\View.php(228): include('C:\\xampp\\htdocs\\project-spms\\app\\Views\\officer\\time_test_list.php')
 3 SYSTEMPATH\View\View.php(231): CodeIgniter\View\View->CodeIgniter\View\{closure}()
 4 SYSTEMPATH\Common.php(1190): CodeIgniter\View\View->render('officer/time_test_list', [], true)
 5 APPPATH\Controllers\PageController.php(138): view('officer/time_test_list', [...])
 6 SYSTEMPATH\CodeIgniter.php(942): App\Controllers\PageController->index_testtime()
 7 SYSTEMPATH\CodeIgniter.php(502): CodeIgniter\CodeIgniter->runController(Object(App\Controllers\PageController))
 8 SYSTEMPATH\CodeIgniter.php(361): CodeIgniter\CodeIgniter->handleRequest(null, Object(Config\Cache), false)
 9 FCPATH\index.php(79): CodeIgniter\CodeIgniter->run()
CRITICAL - 2023-12-25 03:01:30 --> Array to string conversion
in APPPATH\Views\officer\time_test_list.php on line 114.
 1 APPPATH\Views\officer\time_test_list.php(114): CodeIgniter\Debug\Exceptions->errorHandler(2, 'Array to string conversion', 'C:\\xampp\\htdocs\\project-spms\\app\\Views\\officer\\time_test_list.php', 114)
 2 SYSTEMPATH\View\View.php(228): include('C:\\xampp\\htdocs\\project-spms\\app\\Views\\officer\\time_test_list.php')
 3 SYSTEMPATH\View\View.php(231): CodeIgniter\View\View->CodeIgniter\View\{closure}()
 4 SYSTEMPATH\Common.php(1190): CodeIgniter\View\View->render('officer/time_test_list', [], true)
 5 APPPATH\Controllers\PageController.php(138): view('officer/time_test_list', [...])
 6 SYSTEMPATH\CodeIgniter.php(942): App\Controllers\PageController->index_testtime()
 7 SYSTEMPATH\CodeIgniter.php(502): CodeIgniter\CodeIgniter->runController(Object(App\Controllers\PageController))
 8 SYSTEMPATH\CodeIgniter.php(361): CodeIgniter\CodeIgniter->handleRequest(null, Object(Config\Cache), false)
 9 FCPATH\index.php(79): CodeIgniter\CodeIgniter->run()
ERROR - 2023-12-25 09:08:52 --> mysqli_sql_exception: Column 'time_test' cannot be null in C:\xampp\htdocs\project-spms\vendor\codeigniter4\framework\system\Database\MySQLi\Connection.php:306
Stack trace:
#0 C:\xampp\htdocs\project-spms\vendor\codeigniter4\framework\system\Database\MySQLi\Connection.php(306): mysqli->query('INSERT INTO `te...', 0)
#1 C:\xampp\htdocs\project-spms\vendor\codeigniter4\framework\system\Database\BaseConnection.php(693): CodeIgniter\Database\MySQLi\Connection->execute('INSERT INTO `te...')
#2 C:\xampp\htdocs\project-spms\vendor\codeigniter4\framework\system\Database\BaseConnection.php(607): CodeIgniter\Database\BaseConnection->simpleQuery('INSERT INTO `te...')
#3 C:\xampp\htdocs\project-spms\vendor\codeigniter4\framework\system\Database\BaseBuilder.php(2308): CodeIgniter\Database\BaseConnection->query('INSERT INTO `te...', Array, false)
#4 C:\xampp\htdocs\project-spms\vendor\codeigniter4\framework\system\Model.php(319): CodeIgniter\Database\BaseBuilder->insert()
#5 C:\xampp\htdocs\project-spms\vendor\codeigniter4\framework\system\BaseModel.php(788): CodeIgniter\Model->doInsert(Array)
#6 C:\xampp\htdocs\project-spms\vendor\codeigniter4\framework\system\Model.php(715): CodeIgniter\BaseModel->insert(Array, true)
#7 C:\xampp\htdocs\project-spms\app\Controllers\TESTController.php(59): CodeIgniter\Model->insert(Array)
#8 C:\xampp\htdocs\project-spms\app\Controllers\TESTController.php(26): App\Controllers\TESTController->create_test_type1()
#9 C:\xampp\htdocs\project-spms\vendor\codeigniter4\framework\system\CodeIgniter.php(942): App\Controllers\TESTController->create_test()
#10 C:\xampp\htdocs\project-spms\vendor\codeigniter4\framework\system\CodeIgniter.php(502): CodeIgniter\CodeIgniter->runController(Object(App\Controllers\TESTController))
#11 C:\xampp\htdocs\project-spms\vendor\codeigniter4\framework\system\CodeIgniter.php(361): CodeIgniter\CodeIgniter->handleRequest(NULL, Object(Config\Cache), false)
#12 C:\xampp\htdocs\project-spms\index.php(79): CodeIgniter\CodeIgniter->run()
#13 {main}
CRITICAL - 2023-12-25 09:08:52 --> Column 'time_test' cannot be null
in SYSTEMPATH\Database\BaseConnection.php on line 647.
 1 SYSTEMPATH\Database\BaseBuilder.php(2308): CodeIgniter\Database\BaseConnection->query('INSERT INTO `test_list_table` (`id_project`, `type_test`, `location`, `date_test`, `time_test`, `status_test`) VALUES (:id_project:, :type_test:, :location:, :date_test:, :time_test:, :status_test:)', [...], false)
 2 SYSTEMPATH\Model.php(319): CodeIgniter\Database\BaseBuilder->insert()
 3 SYSTEMPATH\BaseModel.php(788): CodeIgniter\Model->doInsert([...])
 4 SYSTEMPATH\Model.php(715): CodeIgniter\BaseModel->insert([...], true)
 5 APPPATH\Controllers\TESTController.php(59): CodeIgniter\Model->insert([...])
 6 APPPATH\Controllers\TESTController.php(26): App\Controllers\TESTController->create_test_type1()
 7 SYSTEMPATH\CodeIgniter.php(942): App\Controllers\TESTController->create_test()
 8 SYSTEMPATH\CodeIgniter.php(502): CodeIgniter\CodeIgniter->runController(Object(App\Controllers\TESTController))
 9 SYSTEMPATH\CodeIgniter.php(361): CodeIgniter\CodeIgniter->handleRequest(null, Object(Config\Cache), false)
10 FCPATH\index.php(79): CodeIgniter\CodeIgniter->run()
CRITICAL - 2023-12-25 09:08:58 --> Undefined variable $check
in APPPATH\Controllers\TESTController.php on line 33.
 1 APPPATH\Controllers\TESTController.php(33): CodeIgniter\Debug\Exceptions->errorHandler(2, 'Undefined variable $check', 'C:\\xampp\\htdocs\\project-spms\\app\\Controllers\\TESTController.php', 33)
 2 SYSTEMPATH\CodeIgniter.php(942): App\Controllers\TESTController->create_test()
 3 SYSTEMPATH\CodeIgniter.php(502): CodeIgniter\CodeIgniter->runController(Object(App\Controllers\TESTController))
 4 SYSTEMPATH\CodeIgniter.php(361): CodeIgniter\CodeIgniter->handleRequest(null, Object(Config\Cache), false)
 5 FCPATH\index.php(79): CodeIgniter\CodeIgniter->run()
ERROR - 2023-12-25 09:09:51 --> mysqli_sql_exception: Column 'time_test' cannot be null in C:\xampp\htdocs\project-spms\vendor\codeigniter4\framework\system\Database\MySQLi\Connection.php:306
Stack trace:
#0 C:\xampp\htdocs\project-spms\vendor\codeigniter4\framework\system\Database\MySQLi\Connection.php(306): mysqli->query('INSERT INTO `te...', 0)
#1 C:\xampp\htdocs\project-spms\vendor\codeigniter4\framework\system\Database\BaseConnection.php(693): CodeIgniter\Database\MySQLi\Connection->execute('INSERT INTO `te...')
#2 C:\xampp\htdocs\project-spms\vendor\codeigniter4\framework\system\Database\BaseConnection.php(607): CodeIgniter\Database\BaseConnection->simpleQuery('INSERT INTO `te...')
#3 C:\xampp\htdocs\project-spms\vendor\codeigniter4\framework\system\Database\BaseBuilder.php(2308): CodeIgniter\Database\BaseConnection->query('INSERT INTO `te...', Array, false)
#4 C:\xampp\htdocs\project-spms\vendor\codeigniter4\framework\system\Model.php(319): CodeIgniter\Database\BaseBuilder->insert()
#5 C:\xampp\htdocs\project-spms\vendor\codeigniter4\framework\system\BaseModel.php(788): CodeIgniter\Model->doInsert(Array)
#6 C:\xampp\htdocs\project-spms\vendor\codeigniter4\framework\system\Model.php(715): CodeIgniter\BaseModel->insert(Array, true)
#7 C:\xampp\htdocs\project-spms\app\Controllers\TESTController.php(60): CodeIgniter\Model->insert(Array)
#8 C:\xampp\htdocs\project-spms\app\Controllers\TESTController.php(27): App\Controllers\TESTController->create_test_type1()
#9 C:\xampp\htdocs\project-spms\vendor\codeigniter4\framework\system\CodeIgniter.php(942): App\Controllers\TESTController->create_test()
#10 C:\xampp\htdocs\project-spms\vendor\codeigniter4\framework\system\CodeIgniter.php(502): CodeIgniter\CodeIgniter->runController(Object(App\Controllers\TESTController))
#11 C:\xampp\htdocs\project-spms\vendor\codeigniter4\framework\system\CodeIgniter.php(361): CodeIgniter\CodeIgniter->handleRequest(NULL, Object(Config\Cache), false)
#12 C:\xampp\htdocs\project-spms\index.php(79): CodeIgniter\CodeIgniter->run()
#13 {main}
CRITICAL - 2023-12-25 09:09:51 --> Column 'time_test' cannot be null
in SYSTEMPATH\Database\BaseConnection.php on line 647.
 1 SYSTEMPATH\Database\BaseBuilder.php(2308): CodeIgniter\Database\BaseConnection->query('INSERT INTO `test_list_table` (`id_project`, `type_test`, `location`, `date_test`, `time_test`, `status_test`) VALUES (:id_project:, :type_test:, :location:, :date_test:, :time_test:, :status_test:)', [...], false)
 2 SYSTEMPATH\Model.php(319): CodeIgniter\Database\BaseBuilder->insert()
 3 SYSTEMPATH\BaseModel.php(788): CodeIgniter\Model->doInsert([...])
 4 SYSTEMPATH\Model.php(715): CodeIgniter\BaseModel->insert([...], true)
 5 APPPATH\Controllers\TESTController.php(60): CodeIgniter\Model->insert([...])
 6 APPPATH\Controllers\TESTController.php(27): App\Controllers\TESTController->create_test_type1()
 7 SYSTEMPATH\CodeIgniter.php(942): App\Controllers\TESTController->create_test()
 8 SYSTEMPATH\CodeIgniter.php(502): CodeIgniter\CodeIgniter->runController(Object(App\Controllers\TESTController))
 9 SYSTEMPATH\CodeIgniter.php(361): CodeIgniter\CodeIgniter->handleRequest(null, Object(Config\Cache), false)
10 FCPATH\index.php(79): CodeIgniter\CodeIgniter->run()
ERROR - 2023-12-25 09:10:52 --> mysqli_sql_exception: Column 'time_test' cannot be null in C:\xampp\htdocs\project-spms\vendor\codeigniter4\framework\system\Database\MySQLi\Connection.php:306
Stack trace:
#0 C:\xampp\htdocs\project-spms\vendor\codeigniter4\framework\system\Database\MySQLi\Connection.php(306): mysqli->query('INSERT INTO `te...', 0)
#1 C:\xampp\htdocs\project-spms\vendor\codeigniter4\framework\system\Database\BaseConnection.php(693): CodeIgniter\Database\MySQLi\Connection->execute('INSERT INTO `te...')
#2 C:\xampp\htdocs\project-spms\vendor\codeigniter4\framework\system\Database\BaseConnection.php(607): CodeIgniter\Database\BaseConnection->simpleQuery('INSERT INTO `te...')
#3 C:\xampp\htdocs\project-spms\vendor\codeigniter4\framework\system\Database\BaseBuilder.php(2308): CodeIgniter\Database\BaseConnection->query('INSERT INTO `te...', Array, false)
#4 C:\xampp\htdocs\project-spms\vendor\codeigniter4\framework\system\Model.php(319): CodeIgniter\Database\BaseBuilder->insert()
#5 C:\xampp\htdocs\project-spms\vendor\codeigniter4\framework\system\BaseModel.php(788): CodeIgniter\Model->doInsert(Array)
#6 C:\xampp\htdocs\project-spms\vendor\codeigniter4\framework\system\Model.php(715): CodeIgniter\BaseModel->insert(Array, true)
#7 C:\xampp\htdocs\project-spms\app\Controllers\TESTController.php(60): CodeIgniter\Model->insert(Array)
#8 C:\xampp\htdocs\project-spms\app\Controllers\TESTController.php(27): App\Controllers\TESTController->create_test_type1()
#9 C:\xampp\htdocs\project-spms\vendor\codeigniter4\framework\system\CodeIgniter.php(942): App\Controllers\TESTController->create_test()
#10 C:\xampp\htdocs\project-spms\vendor\codeigniter4\framework\system\CodeIgniter.php(502): CodeIgniter\CodeIgniter->runController(Object(App\Controllers\TESTController))
#11 C:\xampp\htdocs\project-spms\vendor\codeigniter4\framework\system\CodeIgniter.php(361): CodeIgniter\CodeIgniter->handleRequest(NULL, Object(Config\Cache), false)
#12 C:\xampp\htdocs\project-spms\index.php(79): CodeIgniter\CodeIgniter->run()
#13 {main}
CRITICAL - 2023-12-25 09:10:52 --> Column 'time_test' cannot be null
in SYSTEMPATH\Database\BaseConnection.php on line 647.
 1 SYSTEMPATH\Database\BaseBuilder.php(2308): CodeIgniter\Database\BaseConnection->query('INSERT INTO `test_list_table` (`id_project`, `type_test`, `location`, `date_test`, `time_test`, `status_test`) VALUES (:id_project:, :type_test:, :location:, :date_test:, :time_test:, :status_test:)', [...], false)
 2 SYSTEMPATH\Model.php(319): CodeIgniter\Database\BaseBuilder->insert()
 3 SYSTEMPATH\BaseModel.php(788): CodeIgniter\Model->doInsert([...])
 4 SYSTEMPATH\Model.php(715): CodeIgniter\BaseModel->insert([...], true)
 5 APPPATH\Controllers\TESTController.php(60): CodeIgniter\Model->insert([...])
 6 APPPATH\Controllers\TESTController.php(27): App\Controllers\TESTController->create_test_type1()
 7 SYSTEMPATH\CodeIgniter.php(942): App\Controllers\TESTController->create_test()
 8 SYSTEMPATH\CodeIgniter.php(502): CodeIgniter\CodeIgniter->runController(Object(App\Controllers\TESTController))
 9 SYSTEMPATH\CodeIgniter.php(361): CodeIgniter\CodeIgniter->handleRequest(null, Object(Config\Cache), false)
10 FCPATH\index.php(79): CodeIgniter\CodeIgniter->run()
ERROR - 2023-12-25 09:11:32 --> mysqli_sql_exception: Column 'time_test' cannot be null in C:\xampp\htdocs\project-spms\vendor\codeigniter4\framework\system\Database\MySQLi\Connection.php:306
Stack trace:
#0 C:\xampp\htdocs\project-spms\vendor\codeigniter4\framework\system\Database\MySQLi\Connection.php(306): mysqli->query('INSERT INTO `te...', 0)
#1 C:\xampp\htdocs\project-spms\vendor\codeigniter4\framework\system\Database\BaseConnection.php(693): CodeIgniter\Database\MySQLi\Connection->execute('INSERT INTO `te...')
#2 C:\xampp\htdocs\project-spms\vendor\codeigniter4\framework\system\Database\BaseConnection.php(607): CodeIgniter\Database\BaseConnection->simpleQuery('INSERT INTO `te...')
#3 C:\xampp\htdocs\project-spms\vendor\codeigniter4\framework\system\Database\BaseBuilder.php(2308): CodeIgniter\Database\BaseConnection->query('INSERT INTO `te...', Array, false)
#4 C:\xampp\htdocs\project-spms\vendor\codeigniter4\framework\system\Model.php(319): CodeIgniter\Database\BaseBuilder->insert()
#5 C:\xampp\htdocs\project-spms\vendor\codeigniter4\framework\system\BaseModel.php(788): CodeIgniter\Model->doInsert(Array)
#6 C:\xampp\htdocs\project-spms\vendor\codeigniter4\framework\system\Model.php(715): CodeIgniter\BaseModel->insert(Array, true)
#7 C:\xampp\htdocs\project-spms\app\Controllers\TESTController.php(68): CodeIgniter\Model->insert(Array)
#8 C:\xampp\htdocs\project-spms\app\Controllers\TESTController.php(27): App\Controllers\TESTController->create_test_type1()
#9 C:\xampp\htdocs\project-spms\vendor\codeigniter4\framework\system\CodeIgniter.php(942): App\Controllers\TESTController->create_test()
#10 C:\xampp\htdocs\project-spms\vendor\codeigniter4\framework\system\CodeIgniter.php(502): CodeIgniter\CodeIgniter->runController(Object(App\Controllers\TESTController))
#11 C:\xampp\htdocs\project-spms\vendor\codeigniter4\framework\system\CodeIgniter.php(361): CodeIgniter\CodeIgniter->handleRequest(NULL, Object(Config\Cache), false)
#12 C:\xampp\htdocs\project-spms\index.php(79): CodeIgniter\CodeIgniter->run()
#13 {main}
CRITICAL - 2023-12-25 09:11:32 --> Column 'time_test' cannot be null
in SYSTEMPATH\Database\BaseConnection.php on line 647.
 1 SYSTEMPATH\Database\BaseBuilder.php(2308): CodeIgniter\Database\BaseConnection->query('INSERT INTO `test_list_table` (`id_project`, `type_test`, `location`, `date_test`, `time_test`, `status_test`) VALUES (:id_project:, :type_test:, :location:, :date_test:, :time_test:, :status_test:)', [...], false)
 2 SYSTEMPATH\Model.php(319): CodeIgniter\Database\BaseBuilder->insert()
 3 SYSTEMPATH\BaseModel.php(788): CodeIgniter\Model->doInsert([...])
 4 SYSTEMPATH\Model.php(715): CodeIgniter\BaseModel->insert([...], true)
 5 APPPATH\Controllers\TESTController.php(68): CodeIgniter\Model->insert([...])
 6 APPPATH\Controllers\TESTController.php(27): App\Controllers\TESTController->create_test_type1()
 7 SYSTEMPATH\CodeIgniter.php(942): App\Controllers\TESTController->create_test()
 8 SYSTEMPATH\CodeIgniter.php(502): CodeIgniter\CodeIgniter->runController(Object(App\Controllers\TESTController))
 9 SYSTEMPATH\CodeIgniter.php(361): CodeIgniter\CodeIgniter->handleRequest(null, Object(Config\Cache), false)
10 FCPATH\index.php(79): CodeIgniter\CodeIgniter->run()
CRITICAL - 2023-12-25 09:36:15 --> Undefined variable $data_project
in APPPATH\Views\modal\create_test.php on line 132.
 1 APPPATH\Views\modal\create_test.php(132): CodeIgniter\Debug\Exceptions->errorHandler(2, 'Undefined variable $data_project', 'C:\\xampp\\htdocs\\project-spms\\app\\Views\\modal\\create_test.php', 132)
 2 SYSTEMPATH\View\View.php(228): include('C:\\xampp\\htdocs\\project-spms\\app\\Views\\modal\\create_test.php')
 3 SYSTEMPATH\View\View.php(231): CodeIgniter\View\View->CodeIgniter\View\{closure}()
 4 SYSTEMPATH\View\View.php(469): CodeIgniter\View\View->render('modal/create_test', null, true)
 5 APPPATH\Views\officer\history_test.php(351): CodeIgniter\View\View->include('modal/create_test')
 6 SYSTEMPATH\View\View.php(228): include('C:\\xampp\\htdocs\\project-spms\\app\\Views\\officer\\history_test.php')
 7 SYSTEMPATH\View\View.php(231): CodeIgniter\View\View->CodeIgniter\View\{closure}()
 8 SYSTEMPATH\Common.php(1190): CodeIgniter\View\View->render('officer/history_test', [], true)
 9 APPPATH\Controllers\PageController.php(143): view('officer/history_test')
10 SYSTEMPATH\CodeIgniter.php(942): App\Controllers\PageController->index_history_test()
11 SYSTEMPATH\CodeIgniter.php(502): CodeIgniter\CodeIgniter->runController(Object(App\Controllers\PageController))
12 SYSTEMPATH\CodeIgniter.php(361): CodeIgniter\CodeIgniter->handleRequest(null, Object(Config\Cache), false)
13 FCPATH\index.php(79): CodeIgniter\CodeIgniter->run()
