CRITICAL - 2023-12-26 03:04:29 --> Undefined variable $data_project
in APPPATH\Views\modal\create_test.php on line 132.
 1 APPPATH\Views\modal\create_test.php(132): CodeIgniter\Debug\Exceptions->errorHandler(2, 'Undefined variable $data_project', 'C:\\xampp\\htdocs\\project-spms\\app\\Views\\modal\\create_test.php', 132)
 2 SYSTEMPATH\View\View.php(228): include('C:\\xampp\\htdocs\\project-spms\\app\\Views\\modal\\create_test.php')
 3 SYSTEMPATH\View\View.php(231): CodeIgniter\View\View->CodeIgniter\View\{closure}()
 4 SYSTEMPATH\View\View.php(469): CodeIgniter\View\View->render('modal/create_test', null, true)
 5 APPPATH\Views\officer\history_test.php(351): CodeIgniter\View\View->include('modal/create_test')
 6 SYSTEMPATH\View\View.php(228): include('C:\\xampp\\htdocs\\project-spms\\app\\Views\\officer\\history_test.php')
 7 SYSTEMPATH\View\View.php(231): CodeIgniter\View\View->CodeIgniter\View\{closure}()
 8 SYSTEMPATH\Common.php(1190): CodeIgniter\View\View->render('officer/history_test', [], true)
 9 APPPATH\Controllers\PageController.php(143): view('officer/history_test')
10 SYSTEMPATH\CodeIgniter.php(942): App\Controllers\PageController->index_history_test()
11 SYSTEMPATH\CodeIgniter.php(502): CodeIgniter\CodeIgniter->runController(Object(App\Controllers\PageController))
12 SYSTEMPATH\CodeIgniter.php(361): CodeIgniter\CodeIgniter->handleRequest(null, Object(Config\Cache), false)
13 FCPATH\index.php(79): CodeIgniter\CodeIgniter->run()
CRITICAL - 2023-12-26 03:05:21 --> Undefined variable $data_project
in APPPATH\Views\modal\create_test.php on line 132.
 1 APPPATH\Views\modal\create_test.php(132): CodeIgniter\Debug\Exceptions->errorHandler(2, 'Undefined variable $data_project', 'C:\\xampp\\htdocs\\project-spms\\app\\Views\\modal\\create_test.php', 132)
 2 SYSTEMPATH\View\View.php(228): include('C:\\xampp\\htdocs\\project-spms\\app\\Views\\modal\\create_test.php')
 3 SYSTEMPATH\View\View.php(231): CodeIgniter\View\View->CodeIgniter\View\{closure}()
 4 SYSTEMPATH\View\View.php(469): CodeIgniter\View\View->render('modal/create_test', null, true)
 5 APPPATH\Views\officer\history_test.php(347): CodeIgniter\View\View->include('modal/create_test')
 6 SYSTEMPATH\View\View.php(228): include('C:\\xampp\\htdocs\\project-spms\\app\\Views\\officer\\history_test.php')
 7 SYSTEMPATH\View\View.php(231): CodeIgniter\View\View->CodeIgniter\View\{closure}()
 8 SYSTEMPATH\Common.php(1190): CodeIgniter\View\View->render('officer/history_test', [], true)
 9 APPPATH\Controllers\PageController.php(143): view('officer/history_test')
10 SYSTEMPATH\CodeIgniter.php(942): App\Controllers\PageController->index_history_test()
11 SYSTEMPATH\CodeIgniter.php(502): CodeIgniter\CodeIgniter->runController(Object(App\Controllers\PageController))
12 SYSTEMPATH\CodeIgniter.php(361): CodeIgniter\CodeIgniter->handleRequest(null, Object(Config\Cache), false)
13 FCPATH\index.php(79): CodeIgniter\CodeIgniter->run()
