CRITICAL - 2023-12-22 18:32:33 --> Undefined variable $data_timelist_teacher
in APPPATH\Views\officer\time_test_list.php on line 99.
 1 APPPATH\Views\officer\time_test_list.php(99): CodeIgniter\Debug\Exceptions->errorHandler(2, 'Undefined variable $data_timelist_teacher', 'C:\\xampp\\htdocs\\project-spms\\app\\Views\\officer\\time_test_list.php', 99)
 2 SYSTEMPATH\View\View.php(228): include('C:\\xampp\\htdocs\\project-spms\\app\\Views\\officer\\time_test_list.php')
 3 SYSTEMPATH\View\View.php(231): CodeIgniter\View\View->CodeIgniter\View\{closure}()
 4 SYSTEMPATH\Common.php(1190): CodeIgniter\View\View->render('officer/time_test_list', [], true)
 5 APPPATH\Controllers\PageController.php(137): view('officer/time_test_list', [...])
 6 SYSTEMPATH\CodeIgniter.php(942): App\Controllers\PageController->index_testtime()
 7 SYSTEMPATH\CodeIgniter.php(502): CodeIgniter\CodeIgniter->runController(Object(App\Controllers\PageController))
 8 SYSTEMPATH\CodeIgniter.php(361): CodeIgniter\CodeIgniter->handleRequest(null, Object(Config\Cache), false)
 9 FCPATH\index.php(79): CodeIgniter\CodeIgniter->run()
CRITICAL - 2023-12-22 18:37:22 --> Array to string conversion
in APPPATH\Views\officer\time_test_list.php on line 67.
 1 APPPATH\Views\officer\time_test_list.php(67): CodeIgniter\Debug\Exceptions->errorHandler(2, 'Array to string conversion', 'C:\\xampp\\htdocs\\project-spms\\app\\Views\\officer\\time_test_list.php', 67)
 2 SYSTEMPATH\View\View.php(228): include('C:\\xampp\\htdocs\\project-spms\\app\\Views\\officer\\time_test_list.php')
 3 SYSTEMPATH\View\View.php(231): CodeIgniter\View\View->CodeIgniter\View\{closure}()
 4 SYSTEMPATH\Common.php(1190): CodeIgniter\View\View->render('officer/time_test_list', [], true)
 5 APPPATH\Controllers\PageController.php(137): view('officer/time_test_list', [...])
 6 SYSTEMPATH\CodeIgniter.php(942): App\Controllers\PageController->index_testtime()
 7 SYSTEMPATH\CodeIgniter.php(502): CodeIgniter\CodeIgniter->runController(Object(App\Controllers\PageController))
 8 SYSTEMPATH\CodeIgniter.php(361): CodeIgniter\CodeIgniter->handleRequest(null, Object(Config\Cache), false)
 9 FCPATH\index.php(79): CodeIgniter\CodeIgniter->run()
CRITICAL - 2023-12-22 18:37:39 --> Undefined array key 0
in APPPATH\Views\officer\time_test_list.php on line 67.
 1 APPPATH\Views\officer\time_test_list.php(67): CodeIgniter\Debug\Exceptions->errorHandler(2, 'Undefined array key 0', 'C:\\xampp\\htdocs\\project-spms\\app\\Views\\officer\\time_test_list.php', 67)
 2 SYSTEMPATH\View\View.php(228): include('C:\\xampp\\htdocs\\project-spms\\app\\Views\\officer\\time_test_list.php')
 3 SYSTEMPATH\View\View.php(231): CodeIgniter\View\View->CodeIgniter\View\{closure}()
 4 SYSTEMPATH\Common.php(1190): CodeIgniter\View\View->render('officer/time_test_list', [], true)
 5 APPPATH\Controllers\PageController.php(137): view('officer/time_test_list', [...])
 6 SYSTEMPATH\CodeIgniter.php(942): App\Controllers\PageController->index_testtime()
 7 SYSTEMPATH\CodeIgniter.php(502): CodeIgniter\CodeIgniter->runController(Object(App\Controllers\PageController))
 8 SYSTEMPATH\CodeIgniter.php(361): CodeIgniter\CodeIgniter->handleRequest(null, Object(Config\Cache), false)
 9 FCPATH\index.php(79): CodeIgniter\CodeIgniter->run()
CRITICAL - 2023-12-22 18:37:45 --> Undefined array key "date_"
in APPPATH\Views\officer\time_test_list.php on line 67.
 1 APPPATH\Views\officer\time_test_list.php(67): CodeIgniter\Debug\Exceptions->errorHandler(2, 'Undefined array key "date_"', 'C:\\xampp\\htdocs\\project-spms\\app\\Views\\officer\\time_test_list.php', 67)
 2 SYSTEMPATH\View\View.php(228): include('C:\\xampp\\htdocs\\project-spms\\app\\Views\\officer\\time_test_list.php')
 3 SYSTEMPATH\View\View.php(231): CodeIgniter\View\View->CodeIgniter\View\{closure}()
 4 SYSTEMPATH\Common.php(1190): CodeIgniter\View\View->render('officer/time_test_list', [], true)
 5 APPPATH\Controllers\PageController.php(137): view('officer/time_test_list', [...])
 6 SYSTEMPATH\CodeIgniter.php(942): App\Controllers\PageController->index_testtime()
 7 SYSTEMPATH\CodeIgniter.php(502): CodeIgniter\CodeIgniter->runController(Object(App\Controllers\PageController))
 8 SYSTEMPATH\CodeIgniter.php(361): CodeIgniter\CodeIgniter->handleRequest(null, Object(Config\Cache), false)
 9 FCPATH\index.php(79): CodeIgniter\CodeIgniter->run()
CRITICAL - 2023-12-22 18:38:35 --> Undefined array key 0
in APPPATH\Views\officer\time_test_list.php on line 67.
 1 APPPATH\Views\officer\time_test_list.php(67): CodeIgniter\Debug\Exceptions->errorHandler(2, 'Undefined array key 0', 'C:\\xampp\\htdocs\\project-spms\\app\\Views\\officer\\time_test_list.php', 67)
 2 SYSTEMPATH\View\View.php(228): include('C:\\xampp\\htdocs\\project-spms\\app\\Views\\officer\\time_test_list.php')
 3 SYSTEMPATH\View\View.php(231): CodeIgniter\View\View->CodeIgniter\View\{closure}()
 4 SYSTEMPATH\Common.php(1190): CodeIgniter\View\View->render('officer/time_test_list', [], true)
 5 APPPATH\Controllers\PageController.php(137): view('officer/time_test_list', [...])
 6 SYSTEMPATH\CodeIgniter.php(942): App\Controllers\PageController->index_testtime()
 7 SYSTEMPATH\CodeIgniter.php(502): CodeIgniter\CodeIgniter->runController(Object(App\Controllers\PageController))
 8 SYSTEMPATH\CodeIgniter.php(361): CodeIgniter\CodeIgniter->handleRequest(null, Object(Config\Cache), false)
 9 FCPATH\index.php(79): CodeIgniter\CodeIgniter->run()
CRITICAL - 2023-12-22 18:38:36 --> Undefined array key 0
in APPPATH\Views\officer\time_test_list.php on line 67.
 1 APPPATH\Views\officer\time_test_list.php(67): CodeIgniter\Debug\Exceptions->errorHandler(2, 'Undefined array key 0', 'C:\\xampp\\htdocs\\project-spms\\app\\Views\\officer\\time_test_list.php', 67)
 2 SYSTEMPATH\View\View.php(228): include('C:\\xampp\\htdocs\\project-spms\\app\\Views\\officer\\time_test_list.php')
 3 SYSTEMPATH\View\View.php(231): CodeIgniter\View\View->CodeIgniter\View\{closure}()
 4 SYSTEMPATH\Common.php(1190): CodeIgniter\View\View->render('officer/time_test_list', [], true)
 5 APPPATH\Controllers\PageController.php(137): view('officer/time_test_list', [...])
 6 SYSTEMPATH\CodeIgniter.php(942): App\Controllers\PageController->index_testtime()
 7 SYSTEMPATH\CodeIgniter.php(502): CodeIgniter\CodeIgniter->runController(Object(App\Controllers\PageController))
 8 SYSTEMPATH\CodeIgniter.php(361): CodeIgniter\CodeIgniter->handleRequest(null, Object(Config\Cache), false)
 9 FCPATH\index.php(79): CodeIgniter\CodeIgniter->run()
CRITICAL - 2023-12-22 19:53:01 --> foreach() argument must be of type array|object, string given
in APPPATH\Views\officer\time_test_list.php on line 86.
 1 APPPATH\Views\officer\time_test_list.php(86): CodeIgniter\Debug\Exceptions->errorHandler(2, 'foreach() argument must be of type array|object, string given', 'C:\\xampp\\htdocs\\project-spms\\app\\Views\\officer\\time_test_list.php', 86)
 2 SYSTEMPATH\View\View.php(228): include('C:\\xampp\\htdocs\\project-spms\\app\\Views\\officer\\time_test_list.php')
 3 SYSTEMPATH\View\View.php(231): CodeIgniter\View\View->CodeIgniter\View\{closure}()
 4 SYSTEMPATH\Common.php(1190): CodeIgniter\View\View->render('officer/time_test_list', [], true)
 5 APPPATH\Controllers\PageController.php(137): view('officer/time_test_list', [...])
 6 SYSTEMPATH\CodeIgniter.php(942): App\Controllers\PageController->index_testtime()
 7 SYSTEMPATH\CodeIgniter.php(502): CodeIgniter\CodeIgniter->runController(Object(App\Controllers\PageController))
 8 SYSTEMPATH\CodeIgniter.php(361): CodeIgniter\CodeIgniter->handleRequest(null, Object(Config\Cache), false)
 9 FCPATH\index.php(79): CodeIgniter\CodeIgniter->run()
CRITICAL - 2023-12-22 19:53:26 --> foreach() argument must be of type array|object, string given
in APPPATH\Views\officer\time_test_list.php on line 86.
 1 APPPATH\Views\officer\time_test_list.php(86): CodeIgniter\Debug\Exceptions->errorHandler(2, 'foreach() argument must be of type array|object, string given', 'C:\\xampp\\htdocs\\project-spms\\app\\Views\\officer\\time_test_list.php', 86)
 2 SYSTEMPATH\View\View.php(228): include('C:\\xampp\\htdocs\\project-spms\\app\\Views\\officer\\time_test_list.php')
 3 SYSTEMPATH\View\View.php(231): CodeIgniter\View\View->CodeIgniter\View\{closure}()
 4 SYSTEMPATH\Common.php(1190): CodeIgniter\View\View->render('officer/time_test_list', [], true)
 5 APPPATH\Controllers\PageController.php(137): view('officer/time_test_list', [...])
 6 SYSTEMPATH\CodeIgniter.php(942): App\Controllers\PageController->index_testtime()
 7 SYSTEMPATH\CodeIgniter.php(502): CodeIgniter\CodeIgniter->runController(Object(App\Controllers\PageController))
 8 SYSTEMPATH\CodeIgniter.php(361): CodeIgniter\CodeIgniter->handleRequest(null, Object(Config\Cache), false)
 9 FCPATH\index.php(79): CodeIgniter\CodeIgniter->run()
CRITICAL - 2023-12-22 19:53:27 --> foreach() argument must be of type array|object, string given
in APPPATH\Views\officer\time_test_list.php on line 86.
 1 APPPATH\Views\officer\time_test_list.php(86): CodeIgniter\Debug\Exceptions->errorHandler(2, 'foreach() argument must be of type array|object, string given', 'C:\\xampp\\htdocs\\project-spms\\app\\Views\\officer\\time_test_list.php', 86)
 2 SYSTEMPATH\View\View.php(228): include('C:\\xampp\\htdocs\\project-spms\\app\\Views\\officer\\time_test_list.php')
 3 SYSTEMPATH\View\View.php(231): CodeIgniter\View\View->CodeIgniter\View\{closure}()
 4 SYSTEMPATH\Common.php(1190): CodeIgniter\View\View->render('officer/time_test_list', [], true)
 5 APPPATH\Controllers\PageController.php(137): view('officer/time_test_list', [...])
 6 SYSTEMPATH\CodeIgniter.php(942): App\Controllers\PageController->index_testtime()
 7 SYSTEMPATH\CodeIgniter.php(502): CodeIgniter\CodeIgniter->runController(Object(App\Controllers\PageController))
 8 SYSTEMPATH\CodeIgniter.php(361): CodeIgniter\CodeIgniter->handleRequest(null, Object(Config\Cache), false)
 9 FCPATH\index.php(79): CodeIgniter\CodeIgniter->run()
CRITICAL - 2023-12-22 19:54:05 --> Undefined variable $teacher_data
in APPPATH\Views\officer\time_test_list.php on line 86.
 1 APPPATH\Views\officer\time_test_list.php(86): CodeIgniter\Debug\Exceptions->errorHandler(2, 'Undefined variable $teacher_data', 'C:\\xampp\\htdocs\\project-spms\\app\\Views\\officer\\time_test_list.php', 86)
 2 SYSTEMPATH\View\View.php(228): include('C:\\xampp\\htdocs\\project-spms\\app\\Views\\officer\\time_test_list.php')
 3 SYSTEMPATH\View\View.php(231): CodeIgniter\View\View->CodeIgniter\View\{closure}()
 4 SYSTEMPATH\Common.php(1190): CodeIgniter\View\View->render('officer/time_test_list', [], true)
 5 APPPATH\Controllers\PageController.php(137): view('officer/time_test_list', [...])
 6 SYSTEMPATH\CodeIgniter.php(942): App\Controllers\PageController->index_testtime()
 7 SYSTEMPATH\CodeIgniter.php(502): CodeIgniter\CodeIgniter->runController(Object(App\Controllers\PageController))
 8 SYSTEMPATH\CodeIgniter.php(361): CodeIgniter\CodeIgniter->handleRequest(null, Object(Config\Cache), false)
 9 FCPATH\index.php(79): CodeIgniter\CodeIgniter->run()
