CRITICAL - 2023-12-19 07:11:40 --> Trying to access array offset on value of type null
in APPPATH\Controllers\ProjectController.php on line 578.
 1 APPPATH\Controllers\ProjectController.php(578): CodeIgniter\Debug\Exceptions->errorHandler(2, 'Trying to access array offset on value of type null', 'C:\\xampp\\htdocs\\project-spms\\app\\Controllers\\ProjectController.php', 578)
 2 SYSTEMPATH\CodeIgniter.php(942): App\Controllers\ProjectController->get_data_default('3')
 3 SYSTEMPATH\CodeIgniter.php(502): CodeIgniter\CodeIgniter->runController(Object(App\Controllers\ProjectController))
 4 SYSTEMPATH\CodeIgniter.php(361): CodeIgniter\CodeIgniter->handleRequest(null, Object(Config\Cache), false)
 5 FCPATH\index.php(79): CodeIgniter\CodeIgniter->run()
CRITICAL - 2023-12-19 07:11:47 --> Trying to access array offset on value of type null
in APPPATH\Controllers\ProjectController.php on line 578.
 1 APPPATH\Controllers\ProjectController.php(578): CodeIgniter\Debug\Exceptions->errorHandler(2, 'Trying to access array offset on value of type null', 'C:\\xampp\\htdocs\\project-spms\\app\\Controllers\\ProjectController.php', 578)
 2 SYSTEMPATH\CodeIgniter.php(942): App\Controllers\ProjectController->get_data_default('3')
 3 SYSTEMPATH\CodeIgniter.php(502): CodeIgniter\CodeIgniter->runController(Object(App\Controllers\ProjectController))
 4 SYSTEMPATH\CodeIgniter.php(361): CodeIgniter\CodeIgniter->handleRequest(null, Object(Config\Cache), false)
 5 FCPATH\index.php(79): CodeIgniter\CodeIgniter->run()
CRITICAL - 2023-12-19 08:17:34 --> Call to undefined method App\Models\ProjectModels::whereHas
in SYSTEMPATH\Model.php on line 873.
 1 APPPATH\Controllers\PageController.php(106): CodeIgniter\Model->__call('whereHas', [...])
 2 SYSTEMPATH\CodeIgniter.php(942): App\Controllers\PageController->index_project_request()
 3 SYSTEMPATH\CodeIgniter.php(502): CodeIgniter\CodeIgniter->runController(Object(App\Controllers\PageController))
 4 SYSTEMPATH\CodeIgniter.php(361): CodeIgniter\CodeIgniter->handleRequest(null, Object(Config\Cache), false)
 5 FCPATH\index.php(79): CodeIgniter\CodeIgniter->run()
CRITICAL - 2023-12-19 08:18:56 --> Call to undefined method App\Models\ProjectModels::whereHas
in SYSTEMPATH\Model.php on line 873.
 1 APPPATH\Controllers\PageController.php(106): CodeIgniter\Model->__call('whereHas', [...])
 2 SYSTEMPATH\CodeIgniter.php(942): App\Controllers\PageController->index_project_request()
 3 SYSTEMPATH\CodeIgniter.php(502): CodeIgniter\CodeIgniter->runController(Object(App\Controllers\PageController))
 4 SYSTEMPATH\CodeIgniter.php(361): CodeIgniter\CodeIgniter->handleRequest(null, Object(Config\Cache), false)
 5 FCPATH\index.php(79): CodeIgniter\CodeIgniter->run()
CRITICAL - 2023-12-19 08:18:57 --> Call to undefined method App\Models\ProjectModels::whereHas
in SYSTEMPATH\Model.php on line 873.
 1 APPPATH\Controllers\PageController.php(106): CodeIgniter\Model->__call('whereHas', [...])
 2 SYSTEMPATH\CodeIgniter.php(942): App\Controllers\PageController->index_project_request()
 3 SYSTEMPATH\CodeIgniter.php(502): CodeIgniter\CodeIgniter->runController(Object(App\Controllers\PageController))
 4 SYSTEMPATH\CodeIgniter.php(361): CodeIgniter\CodeIgniter->handleRequest(null, Object(Config\Cache), false)
 5 FCPATH\index.php(79): CodeIgniter\CodeIgniter->run()
CRITICAL - 2023-12-19 08:20:31 --> Illegal offset type
in SYSTEMPATH\Database\BaseBuilder.php on line 740.
 1 SYSTEMPATH\Database\BaseBuilder.php(698): CodeIgniter\Database\BaseBuilder->whereHaving('QBWhere', Object(Closure), null, 'AND ', null)
 2 SYSTEMPATH\Model.php(871): CodeIgniter\Database\BaseBuilder->where(Object(Closure))
 3 APPPATH\Controllers\PageController.php(105): CodeIgniter\Model->__call('where', [...])
 4 SYSTEMPATH\CodeIgniter.php(942): App\Controllers\PageController->index_project_request()
 5 SYSTEMPATH\CodeIgniter.php(502): CodeIgniter\CodeIgniter->runController(Object(App\Controllers\PageController))
 6 SYSTEMPATH\CodeIgniter.php(361): CodeIgniter\CodeIgniter->handleRequest(null, Object(Config\Cache), false)
 7 FCPATH\index.php(79): CodeIgniter\CodeIgniter->run()
CRITICAL - 2023-12-19 08:36:59 --> Undefined variable $data_project_tk
in APPPATH\Views\officer\project_request.php on line 299.
 1 APPPATH\Views\officer\project_request.php(299): CodeIgniter\Debug\Exceptions->errorHandler(2, 'Undefined variable $data_project_tk', 'C:\\xampp\\htdocs\\project-spms\\app\\Views\\officer\\project_request.php', 299)
 2 SYSTEMPATH\View\View.php(228): include('C:\\xampp\\htdocs\\project-spms\\app\\Views\\officer\\project_request.php')
 3 SYSTEMPATH\View\View.php(231): CodeIgniter\View\View->CodeIgniter\View\{closure}()
 4 SYSTEMPATH\Common.php(1190): CodeIgniter\View\View->render('officer/project_request', [], true)
 5 APPPATH\Controllers\PageController.php(122): view('officer/project_request', [...])
 6 SYSTEMPATH\CodeIgniter.php(942): App\Controllers\PageController->index_project_request()
 7 SYSTEMPATH\CodeIgniter.php(502): CodeIgniter\CodeIgniter->runController(Object(App\Controllers\PageController))
 8 SYSTEMPATH\CodeIgniter.php(361): CodeIgniter\CodeIgniter->handleRequest(null, Object(Config\Cache), false)
 9 FCPATH\index.php(79): CodeIgniter\CodeIgniter->run()
CRITICAL - 2023-12-19 08:37:05 --> Undefined variable $data_project_tk
in APPPATH\Views\officer\project_request.php on line 299.
 1 APPPATH\Views\officer\project_request.php(299): CodeIgniter\Debug\Exceptions->errorHandler(2, 'Undefined variable $data_project_tk', 'C:\\xampp\\htdocs\\project-spms\\app\\Views\\officer\\project_request.php', 299)
 2 SYSTEMPATH\View\View.php(228): include('C:\\xampp\\htdocs\\project-spms\\app\\Views\\officer\\project_request.php')
 3 SYSTEMPATH\View\View.php(231): CodeIgniter\View\View->CodeIgniter\View\{closure}()
 4 SYSTEMPATH\Common.php(1190): CodeIgniter\View\View->render('officer/project_request', [], true)
 5 APPPATH\Controllers\PageController.php(122): view('officer/project_request', [...])
 6 SYSTEMPATH\CodeIgniter.php(942): App\Controllers\PageController->index_project_request()
 7 SYSTEMPATH\CodeIgniter.php(502): CodeIgniter\CodeIgniter->runController(Object(App\Controllers\PageController))
 8 SYSTEMPATH\CodeIgniter.php(361): CodeIgniter\CodeIgniter->handleRequest(null, Object(Config\Cache), false)
 9 FCPATH\index.php(79): CodeIgniter\CodeIgniter->run()
CRITICAL - 2023-12-19 08:37:06 --> Undefined variable $data_project_tk
in APPPATH\Views\officer\project_request.php on line 299.
 1 APPPATH\Views\officer\project_request.php(299): CodeIgniter\Debug\Exceptions->errorHandler(2, 'Undefined variable $data_project_tk', 'C:\\xampp\\htdocs\\project-spms\\app\\Views\\officer\\project_request.php', 299)
 2 SYSTEMPATH\View\View.php(228): include('C:\\xampp\\htdocs\\project-spms\\app\\Views\\officer\\project_request.php')
 3 SYSTEMPATH\View\View.php(231): CodeIgniter\View\View->CodeIgniter\View\{closure}()
 4 SYSTEMPATH\Common.php(1190): CodeIgniter\View\View->render('officer/project_request', [], true)
 5 APPPATH\Controllers\PageController.php(122): view('officer/project_request', [...])
 6 SYSTEMPATH\CodeIgniter.php(942): App\Controllers\PageController->index_project_request()
 7 SYSTEMPATH\CodeIgniter.php(502): CodeIgniter\CodeIgniter->runController(Object(App\Controllers\PageController))
 8 SYSTEMPATH\CodeIgniter.php(361): CodeIgniter\CodeIgniter->handleRequest(null, Object(Config\Cache), false)
 9 FCPATH\index.php(79): CodeIgniter\CodeIgniter->run()
CRITICAL - 2023-12-19 08:37:19 --> Undefined variable $data_project_tk
in APPPATH\Views\officer\project_request.php on line 299.
 1 APPPATH\Views\officer\project_request.php(299): CodeIgniter\Debug\Exceptions->errorHandler(2, 'Undefined variable $data_project_tk', 'C:\\xampp\\htdocs\\project-spms\\app\\Views\\officer\\project_request.php', 299)
 2 SYSTEMPATH\View\View.php(228): include('C:\\xampp\\htdocs\\project-spms\\app\\Views\\officer\\project_request.php')
 3 SYSTEMPATH\View\View.php(231): CodeIgniter\View\View->CodeIgniter\View\{closure}()
 4 SYSTEMPATH\Common.php(1190): CodeIgniter\View\View->render('officer/project_request', [], true)
 5 APPPATH\Controllers\PageController.php(113): view('officer/project_request', [...])
 6 SYSTEMPATH\CodeIgniter.php(942): App\Controllers\PageController->index_project_request()
 7 SYSTEMPATH\CodeIgniter.php(502): CodeIgniter\CodeIgniter->runController(Object(App\Controllers\PageController))
 8 SYSTEMPATH\CodeIgniter.php(361): CodeIgniter\CodeIgniter->handleRequest(null, Object(Config\Cache), false)
 9 FCPATH\index.php(79): CodeIgniter\CodeIgniter->run()
CRITICAL - 2023-12-19 08:37:43 --> Undefined variable $data_project_tk
in APPPATH\Views\officer\project_request.php on line 299.
 1 APPPATH\Views\officer\project_request.php(299): CodeIgniter\Debug\Exceptions->errorHandler(2, 'Undefined variable $data_project_tk', 'C:\\xampp\\htdocs\\project-spms\\app\\Views\\officer\\project_request.php', 299)
 2 SYSTEMPATH\View\View.php(228): include('C:\\xampp\\htdocs\\project-spms\\app\\Views\\officer\\project_request.php')
 3 SYSTEMPATH\View\View.php(231): CodeIgniter\View\View->CodeIgniter\View\{closure}()
 4 SYSTEMPATH\Common.php(1190): CodeIgniter\View\View->render('officer/project_request', [], true)
 5 APPPATH\Controllers\PageController.php(113): view('officer/project_request', [...])
 6 SYSTEMPATH\CodeIgniter.php(942): App\Controllers\PageController->index_project_request()
 7 SYSTEMPATH\CodeIgniter.php(502): CodeIgniter\CodeIgniter->runController(Object(App\Controllers\PageController))
 8 SYSTEMPATH\CodeIgniter.php(361): CodeIgniter\CodeIgniter->handleRequest(null, Object(Config\Cache), false)
 9 FCPATH\index.php(79): CodeIgniter\CodeIgniter->run()
CRITICAL - 2023-12-19 09:10:14 --> Undefined array key 2
in APPPATH\Views\officer\project_request.php on line 90.
 1 APPPATH\Views\officer\project_request.php(90): CodeIgniter\Debug\Exceptions->errorHandler(2, 'Undefined array key 2', 'C:\\xampp\\htdocs\\project-spms\\app\\Views\\officer\\project_request.php', 90)
 2 SYSTEMPATH\View\View.php(228): include('C:\\xampp\\htdocs\\project-spms\\app\\Views\\officer\\project_request.php')
 3 SYSTEMPATH\View\View.php(231): CodeIgniter\View\View->CodeIgniter\View\{closure}()
 4 SYSTEMPATH\Common.php(1190): CodeIgniter\View\View->render('officer/project_request', [], true)
 5 APPPATH\Controllers\PageController.php(131): view('officer/project_request', [...])
 6 SYSTEMPATH\CodeIgniter.php(942): App\Controllers\PageController->index_project_request()
 7 SYSTEMPATH\CodeIgniter.php(502): CodeIgniter\CodeIgniter->runController(Object(App\Controllers\PageController))
 8 SYSTEMPATH\CodeIgniter.php(361): CodeIgniter\CodeIgniter->handleRequest(null, Object(Config\Cache), false)
 9 FCPATH\index.php(79): CodeIgniter\CodeIgniter->run()
CRITICAL - 2023-12-19 09:10:49 --> Undefined array key 2
in APPPATH\Views\officer\project_request.php on line 90.
 1 APPPATH\Views\officer\project_request.php(90): CodeIgniter\Debug\Exceptions->errorHandler(2, 'Undefined array key 2', 'C:\\xampp\\htdocs\\project-spms\\app\\Views\\officer\\project_request.php', 90)
 2 SYSTEMPATH\View\View.php(228): include('C:\\xampp\\htdocs\\project-spms\\app\\Views\\officer\\project_request.php')
 3 SYSTEMPATH\View\View.php(231): CodeIgniter\View\View->CodeIgniter\View\{closure}()
 4 SYSTEMPATH\Common.php(1190): CodeIgniter\View\View->render('officer/project_request', [], true)
 5 APPPATH\Controllers\PageController.php(131): view('officer/project_request', [...])
 6 SYSTEMPATH\CodeIgniter.php(942): App\Controllers\PageController->index_project_request()
 7 SYSTEMPATH\CodeIgniter.php(502): CodeIgniter\CodeIgniter->runController(Object(App\Controllers\PageController))
 8 SYSTEMPATH\CodeIgniter.php(361): CodeIgniter\CodeIgniter->handleRequest(null, Object(Config\Cache), false)
 9 FCPATH\index.php(79): CodeIgniter\CodeIgniter->run()
CRITICAL - 2023-12-19 09:11:22 --> Undefined array key 3
in APPPATH\Views\officer\project_request.php on line 90.
 1 APPPATH\Views\officer\project_request.php(90): CodeIgniter\Debug\Exceptions->errorHandler(2, 'Undefined array key 3', 'C:\\xampp\\htdocs\\project-spms\\app\\Views\\officer\\project_request.php', 90)
 2 SYSTEMPATH\View\View.php(228): include('C:\\xampp\\htdocs\\project-spms\\app\\Views\\officer\\project_request.php')
 3 SYSTEMPATH\View\View.php(231): CodeIgniter\View\View->CodeIgniter\View\{closure}()
 4 SYSTEMPATH\Common.php(1190): CodeIgniter\View\View->render('officer/project_request', [], true)
 5 APPPATH\Controllers\PageController.php(131): view('officer/project_request', [...])
 6 SYSTEMPATH\CodeIgniter.php(942): App\Controllers\PageController->index_project_request()
 7 SYSTEMPATH\CodeIgniter.php(502): CodeIgniter\CodeIgniter->runController(Object(App\Controllers\PageController))
 8 SYSTEMPATH\CodeIgniter.php(361): CodeIgniter\CodeIgniter->handleRequest(null, Object(Config\Cache), false)
 9 FCPATH\index.php(79): CodeIgniter\CodeIgniter->run()
CRITICAL - 2023-12-19 09:11:25 --> Undefined array key 2
in APPPATH\Views\officer\project_request.php on line 90.
 1 APPPATH\Views\officer\project_request.php(90): CodeIgniter\Debug\Exceptions->errorHandler(2, 'Undefined array key 2', 'C:\\xampp\\htdocs\\project-spms\\app\\Views\\officer\\project_request.php', 90)
 2 SYSTEMPATH\View\View.php(228): include('C:\\xampp\\htdocs\\project-spms\\app\\Views\\officer\\project_request.php')
 3 SYSTEMPATH\View\View.php(231): CodeIgniter\View\View->CodeIgniter\View\{closure}()
 4 SYSTEMPATH\Common.php(1190): CodeIgniter\View\View->render('officer/project_request', [], true)
 5 APPPATH\Controllers\PageController.php(131): view('officer/project_request', [...])
 6 SYSTEMPATH\CodeIgniter.php(942): App\Controllers\PageController->index_project_request()
 7 SYSTEMPATH\CodeIgniter.php(502): CodeIgniter\CodeIgniter->runController(Object(App\Controllers\PageController))
 8 SYSTEMPATH\CodeIgniter.php(361): CodeIgniter\CodeIgniter->handleRequest(null, Object(Config\Cache), false)
 9 FCPATH\index.php(79): CodeIgniter\CodeIgniter->run()
CRITICAL - 2023-12-19 09:22:37 --> Undefined array key "name_student"
in APPPATH\Views\officer\project_request.php on line 78.
 1 APPPATH\Views\officer\project_request.php(78): CodeIgniter\Debug\Exceptions->errorHandler(2, 'Undefined array key "name_student"', 'C:\\xampp\\htdocs\\project-spms\\app\\Views\\officer\\project_request.php', 78)
 2 SYSTEMPATH\View\View.php(228): include('C:\\xampp\\htdocs\\project-spms\\app\\Views\\officer\\project_request.php')
 3 SYSTEMPATH\View\View.php(231): CodeIgniter\View\View->CodeIgniter\View\{closure}()
 4 SYSTEMPATH\Common.php(1190): CodeIgniter\View\View->render('officer/project_request', [], true)
 5 APPPATH\Controllers\PageController.php(131): view('officer/project_request', [...])
 6 SYSTEMPATH\CodeIgniter.php(942): App\Controllers\PageController->index_project_request()
 7 SYSTEMPATH\CodeIgniter.php(502): CodeIgniter\CodeIgniter->runController(Object(App\Controllers\PageController))
 8 SYSTEMPATH\CodeIgniter.php(361): CodeIgniter\CodeIgniter->handleRequest(null, Object(Config\Cache), false)
 9 FCPATH\index.php(79): CodeIgniter\CodeIgniter->run()
ERROR - 2023-12-19 09:30:18 --> mysqli_sql_exception: Unknown column 'email_user_temp' in 'where clause' in C:\xampp\htdocs\project-spms\vendor\codeigniter4\framework\system\Database\MySQLi\Connection.php:306
Stack trace:
#0 C:\xampp\htdocs\project-spms\vendor\codeigniter4\framework\system\Database\MySQLi\Connection.php(306): mysqli->query('SELECT *\nFROM `...', 0)
#1 C:\xampp\htdocs\project-spms\vendor\codeigniter4\framework\system\Database\BaseConnection.php(693): CodeIgniter\Database\MySQLi\Connection->execute('SELECT *\nFROM `...')
#2 C:\xampp\htdocs\project-spms\vendor\codeigniter4\framework\system\Database\BaseConnection.php(607): CodeIgniter\Database\BaseConnection->simpleQuery('SELECT *\nFROM `...')
#3 C:\xampp\htdocs\project-spms\vendor\codeigniter4\framework\system\Database\BaseBuilder.php(1615): CodeIgniter\Database\BaseConnection->query('SELECT *\nFROM `...', Array, false)
#4 C:\xampp\htdocs\project-spms\vendor\codeigniter4\framework\system\Model.php(264): CodeIgniter\Database\BaseBuilder->get()
#5 C:\xampp\htdocs\project-spms\vendor\codeigniter4\framework\system\BaseModel.php(662): CodeIgniter\Model->doFirst()
#6 C:\xampp\htdocs\project-spms\app\Controllers\PageController.php(122): CodeIgniter\BaseModel->first()
#7 C:\xampp\htdocs\project-spms\vendor\codeigniter4\framework\system\CodeIgniter.php(942): App\Controllers\PageController->index_project_request()
#8 C:\xampp\htdocs\project-spms\vendor\codeigniter4\framework\system\CodeIgniter.php(502): CodeIgniter\CodeIgniter->runController(Object(App\Controllers\PageController))
#9 C:\xampp\htdocs\project-spms\vendor\codeigniter4\framework\system\CodeIgniter.php(361): CodeIgniter\CodeIgniter->handleRequest(NULL, Object(Config\Cache), false)
#10 C:\xampp\htdocs\project-spms\index.php(79): CodeIgniter\CodeIgniter->run()
#11 {main}
CRITICAL - 2023-12-19 09:30:18 --> Unknown column 'email_user_temp' in 'where clause'
in SYSTEMPATH\Database\BaseConnection.php on line 647.
 1 SYSTEMPATH\Database\BaseBuilder.php(1615): CodeIgniter\Database\BaseConnection->query('SELECT *
FROM `user_temp_table`
WHERE `email_user_temp` = :email_user_temp:
 LIMIT 1', [...], false)
 2 SYSTEMPATH\Model.php(264): CodeIgniter\Database\BaseBuilder->get()
 3 SYSTEMPATH\BaseModel.php(662): CodeIgniter\Model->doFirst()
 4 APPPATH\Controllers\PageController.php(122): CodeIgniter\BaseModel->first()
 5 SYSTEMPATH\CodeIgniter.php(942): App\Controllers\PageController->index_project_request()
 6 SYSTEMPATH\CodeIgniter.php(502): CodeIgniter\CodeIgniter->runController(Object(App\Controllers\PageController))
 7 SYSTEMPATH\CodeIgniter.php(361): CodeIgniter\CodeIgniter->handleRequest(null, Object(Config\Cache), false)
 8 FCPATH\index.php(79): CodeIgniter\CodeIgniter->run()
CRITICAL - 2023-12-19 09:35:41 --> strlen(): Argument #1 ($str) must be of type string, array given
in APPPATH\Views\officer\project_request.php on line 80.
 1 SYSTEMPATH\View\View.php(228): include()
 2 SYSTEMPATH\View\View.php(231): CodeIgniter\View\View->CodeIgniter\View\{closure}()
 3 SYSTEMPATH\Common.php(1190): CodeIgniter\View\View->render('officer/project_request', [], true)
 4 APPPATH\Controllers\PageController.php(131): view('officer/project_request', [...])
 5 SYSTEMPATH\CodeIgniter.php(942): App\Controllers\PageController->index_project_request()
 6 SYSTEMPATH\CodeIgniter.php(502): CodeIgniter\CodeIgniter->runController(Object(App\Controllers\PageController))
 7 SYSTEMPATH\CodeIgniter.php(361): CodeIgniter\CodeIgniter->handleRequest(null, Object(Config\Cache), false)
 8 FCPATH\index.php(79): CodeIgniter\CodeIgniter->run()
CRITICAL - 2023-12-19 09:36:01 --> strlen(): Argument #1 ($str) must be of type string, array given
in APPPATH\Views\officer\project_request.php on line 80.
 1 SYSTEMPATH\View\View.php(228): include()
 2 SYSTEMPATH\View\View.php(231): CodeIgniter\View\View->CodeIgniter\View\{closure}()
 3 SYSTEMPATH\Common.php(1190): CodeIgniter\View\View->render('officer/project_request', [], true)
 4 APPPATH\Controllers\PageController.php(131): view('officer/project_request', [...])
 5 SYSTEMPATH\CodeIgniter.php(942): App\Controllers\PageController->index_project_request()
 6 SYSTEMPATH\CodeIgniter.php(502): CodeIgniter\CodeIgniter->runController(Object(App\Controllers\PageController))
 7 SYSTEMPATH\CodeIgniter.php(361): CodeIgniter\CodeIgniter->handleRequest(null, Object(Config\Cache), false)
 8 FCPATH\index.php(79): CodeIgniter\CodeIgniter->run()
CRITICAL - 2023-12-19 09:36:03 --> strlen(): Argument #1 ($str) must be of type string, array given
in APPPATH\Views\officer\project_request.php on line 80.
 1 SYSTEMPATH\View\View.php(228): include()
 2 SYSTEMPATH\View\View.php(231): CodeIgniter\View\View->CodeIgniter\View\{closure}()
 3 SYSTEMPATH\Common.php(1190): CodeIgniter\View\View->render('officer/project_request', [], true)
 4 APPPATH\Controllers\PageController.php(131): view('officer/project_request', [...])
 5 SYSTEMPATH\CodeIgniter.php(942): App\Controllers\PageController->index_project_request()
 6 SYSTEMPATH\CodeIgniter.php(502): CodeIgniter\CodeIgniter->runController(Object(App\Controllers\PageController))
 7 SYSTEMPATH\CodeIgniter.php(361): CodeIgniter\CodeIgniter->handleRequest(null, Object(Config\Cache), false)
 8 FCPATH\index.php(79): CodeIgniter\CodeIgniter->run()
CRITICAL - 2023-12-19 09:36:19 --> strlen(): Argument #1 ($str) must be of type string, array given
in APPPATH\Views\officer\project_request.php on line 80.
 1 SYSTEMPATH\View\View.php(228): include()
 2 SYSTEMPATH\View\View.php(231): CodeIgniter\View\View->CodeIgniter\View\{closure}()
 3 SYSTEMPATH\Common.php(1190): CodeIgniter\View\View->render('officer/project_request', [], true)
 4 APPPATH\Controllers\PageController.php(131): view('officer/project_request', [...])
 5 SYSTEMPATH\CodeIgniter.php(942): App\Controllers\PageController->index_project_request()
 6 SYSTEMPATH\CodeIgniter.php(502): CodeIgniter\CodeIgniter->runController(Object(App\Controllers\PageController))
 7 SYSTEMPATH\CodeIgniter.php(361): CodeIgniter\CodeIgniter->handleRequest(null, Object(Config\Cache), false)
 8 FCPATH\index.php(79): CodeIgniter\CodeIgniter->run()
CRITICAL - 2023-12-19 09:36:20 --> strlen(): Argument #1 ($str) must be of type string, array given
in APPPATH\Views\officer\project_request.php on line 80.
 1 SYSTEMPATH\View\View.php(228): include()
 2 SYSTEMPATH\View\View.php(231): CodeIgniter\View\View->CodeIgniter\View\{closure}()
 3 SYSTEMPATH\Common.php(1190): CodeIgniter\View\View->render('officer/project_request', [], true)
 4 APPPATH\Controllers\PageController.php(131): view('officer/project_request', [...])
 5 SYSTEMPATH\CodeIgniter.php(942): App\Controllers\PageController->index_project_request()
 6 SYSTEMPATH\CodeIgniter.php(502): CodeIgniter\CodeIgniter->runController(Object(App\Controllers\PageController))
 7 SYSTEMPATH\CodeIgniter.php(361): CodeIgniter\CodeIgniter->handleRequest(null, Object(Config\Cache), false)
 8 FCPATH\index.php(79): CodeIgniter\CodeIgniter->run()
CRITICAL - 2023-12-19 09:36:21 --> strlen(): Argument #1 ($str) must be of type string, array given
in APPPATH\Views\officer\project_request.php on line 80.
 1 SYSTEMPATH\View\View.php(228): include()
 2 SYSTEMPATH\View\View.php(231): CodeIgniter\View\View->CodeIgniter\View\{closure}()
 3 SYSTEMPATH\Common.php(1190): CodeIgniter\View\View->render('officer/project_request', [], true)
 4 APPPATH\Controllers\PageController.php(131): view('officer/project_request', [...])
 5 SYSTEMPATH\CodeIgniter.php(942): App\Controllers\PageController->index_project_request()
 6 SYSTEMPATH\CodeIgniter.php(502): CodeIgniter\CodeIgniter->runController(Object(App\Controllers\PageController))
 7 SYSTEMPATH\CodeIgniter.php(361): CodeIgniter\CodeIgniter->handleRequest(null, Object(Config\Cache), false)
 8 FCPATH\index.php(79): CodeIgniter\CodeIgniter->run()
CRITICAL - 2023-12-19 09:38:16 --> strlen(): Argument #1 ($str) must be of type string, array given
in APPPATH\Views\officer\project_request.php on line 89.
 1 SYSTEMPATH\View\View.php(228): include()
 2 SYSTEMPATH\View\View.php(231): CodeIgniter\View\View->CodeIgniter\View\{closure}()
 3 SYSTEMPATH\Common.php(1190): CodeIgniter\View\View->render('officer/project_request', [], true)
 4 APPPATH\Controllers\PageController.php(131): view('officer/project_request', [...])
 5 SYSTEMPATH\CodeIgniter.php(942): App\Controllers\PageController->index_project_request()
 6 SYSTEMPATH\CodeIgniter.php(502): CodeIgniter\CodeIgniter->runController(Object(App\Controllers\PageController))
 7 SYSTEMPATH\CodeIgniter.php(361): CodeIgniter\CodeIgniter->handleRequest(null, Object(Config\Cache), false)
 8 FCPATH\index.php(79): CodeIgniter\CodeIgniter->run()
