ERROR - 2023-12-20 03:06:37 --> mysqli_sql_exception: Unknown column 'id_project' in 'where clause' in C:\xampp\htdocs\project-spms\vendor\codeigniter4\framework\system\Database\MySQLi\Connection.php:306
Stack trace:
#0 C:\xampp\htdocs\project-spms\vendor\codeigniter4\framework\system\Database\MySQLi\Connection.php(306): mysqli->query('SELECT *\nFROM `...', 0)
#1 C:\xampp\htdocs\project-spms\vendor\codeigniter4\framework\system\Database\BaseConnection.php(693): CodeIgniter\Database\MySQLi\Connection->execute('SELECT *\nFROM `...')
#2 C:\xampp\htdocs\project-spms\vendor\codeigniter4\framework\system\Database\BaseConnection.php(607): CodeIgniter\Database\BaseConnection->simpleQuery('SELECT *\nFROM `...')
#3 C:\xampp\htdocs\project-spms\vendor\codeigniter4\framework\system\Database\BaseBuilder.php(1615): CodeIgniter\Database\BaseConnection->query('SELECT *\nFROM `...', Array, false)
#4 C:\xampp\htdocs\project-spms\vendor\codeigniter4\framework\system\Model.php(264): CodeIgniter\Database\BaseBuilder->get()
#5 C:\xampp\htdocs\project-spms\vendor\codeigniter4\framework\system\BaseModel.php(662): CodeIgniter\Model->doFirst()
#6 C:\xampp\htdocs\project-spms\app\Controllers\PageController.php(74): CodeIgniter\BaseModel->first()
#7 C:\xampp\htdocs\project-spms\vendor\codeigniter4\framework\system\CodeIgniter.php(942): App\Controllers\PageController->index_submitpage()
#8 C:\xampp\htdocs\project-spms\vendor\codeigniter4\framework\system\CodeIgniter.php(502): CodeIgniter\CodeIgniter->runController(Object(App\Controllers\PageController))
#9 C:\xampp\htdocs\project-spms\vendor\codeigniter4\framework\system\CodeIgniter.php(361): CodeIgniter\CodeIgniter->handleRequest(NULL, Object(Config\Cache), false)
#10 C:\xampp\htdocs\project-spms\index.php(79): CodeIgniter\CodeIgniter->run()
#11 {main}
CRITICAL - 2023-12-20 03:06:37 --> Unknown column 'id_project' in 'where clause'
in SYSTEMPATH\Database\BaseConnection.php on line 647.
 1 SYSTEMPATH\Database\BaseBuilder.php(1615): CodeIgniter\Database\BaseConnection->query('SELECT *
FROM `tk01_list_table`
WHERE `id_project` = :id_project:
AND `status_tk_01` IN :status_tk_01:
 LIMIT 1', [...], false)
 2 SYSTEMPATH\Model.php(264): CodeIgniter\Database\BaseBuilder->get()
 3 SYSTEMPATH\BaseModel.php(662): CodeIgniter\Model->doFirst()
 4 APPPATH\Controllers\PageController.php(74): CodeIgniter\BaseModel->first()
 5 SYSTEMPATH\CodeIgniter.php(942): App\Controllers\PageController->index_submitpage()
 6 SYSTEMPATH\CodeIgniter.php(502): CodeIgniter\CodeIgniter->runController(Object(App\Controllers\PageController))
 7 SYSTEMPATH\CodeIgniter.php(361): CodeIgniter\CodeIgniter->handleRequest(null, Object(Config\Cache), false)
 8 FCPATH\index.php(79): CodeIgniter\CodeIgniter->run()
CRITICAL - 2023-12-20 04:16:26 --> Undefined variable $data_teacher
in APPPATH\Views\teacher\project_progress.php on line 362.
 1 APPPATH\Views\teacher\project_progress.php(362): CodeIgniter\Debug\Exceptions->errorHandler(2, 'Undefined variable $data_teacher', 'C:\\xampp\\htdocs\\project-spms\\app\\Views\\teacher\\project_progress.php', 362)
 2 SYSTEMPATH\View\View.php(228): include('C:\\xampp\\htdocs\\project-spms\\app\\Views\\teacher\\project_progress.php')
 3 SYSTEMPATH\View\View.php(231): CodeIgniter\View\View->CodeIgniter\View\{closure}()
 4 SYSTEMPATH\Common.php(1190): CodeIgniter\View\View->render('teacher/project_progress', [], true)
 5 APPPATH\Controllers\PageController.php(95): view('teacher/project_progress')
 6 SYSTEMPATH\CodeIgniter.php(942): App\Controllers\PageController->index_progress()
 7 SYSTEMPATH\CodeIgniter.php(502): CodeIgniter\CodeIgniter->runController(Object(App\Controllers\PageController))
 8 SYSTEMPATH\CodeIgniter.php(361): CodeIgniter\CodeIgniter->handleRequest(null, Object(Config\Cache), false)
 9 FCPATH\index.php(79): CodeIgniter\CodeIgniter->run()
CRITICAL - 2023-12-20 06:48:23 --> Undefined variable $data_teacher
in APPPATH\Views\teacher\project_progress.php on line 362.
 1 APPPATH\Views\teacher\project_progress.php(362): CodeIgniter\Debug\Exceptions->errorHandler(2, 'Undefined variable $data_teacher', 'C:\\xampp\\htdocs\\project-spms\\app\\Views\\teacher\\project_progress.php', 362)
 2 SYSTEMPATH\View\View.php(228): include('C:\\xampp\\htdocs\\project-spms\\app\\Views\\teacher\\project_progress.php')
 3 SYSTEMPATH\View\View.php(231): CodeIgniter\View\View->CodeIgniter\View\{closure}()
 4 SYSTEMPATH\Common.php(1190): CodeIgniter\View\View->render('teacher/project_progress', [], true)
 5 APPPATH\Controllers\PageController.php(95): view('teacher/project_progress')
 6 SYSTEMPATH\CodeIgniter.php(942): App\Controllers\PageController->index_progress()
 7 SYSTEMPATH\CodeIgniter.php(502): CodeIgniter\CodeIgniter->runController(Object(App\Controllers\PageController))
 8 SYSTEMPATH\CodeIgniter.php(361): CodeIgniter\CodeIgniter->handleRequest(null, Object(Config\Cache), false)
 9 FCPATH\index.php(79): CodeIgniter\CodeIgniter->run()
CRITICAL - 2023-12-20 07:10:21 --> Undefined variable $data_teacher
in APPPATH\Views\student\project_list.php on line 70.
 1 APPPATH\Views\student\project_list.php(70): CodeIgniter\Debug\Exceptions->errorHandler(2, 'Undefined variable $data_teacher', 'C:\\xampp\\htdocs\\project-spms\\app\\Views\\student\\project_list.php', 70)
 2 SYSTEMPATH\View\View.php(228): include('C:\\xampp\\htdocs\\project-spms\\app\\Views\\student\\project_list.php')
 3 SYSTEMPATH\View\View.php(231): CodeIgniter\View\View->CodeIgniter\View\{closure}()
 4 SYSTEMPATH\Common.php(1190): CodeIgniter\View\View->render('student/project_list', [], true)
 5 APPPATH\Controllers\PageController.php(36): view('student/project_list')
 6 SYSTEMPATH\CodeIgniter.php(942): App\Controllers\PageController->index_projectlist()
 7 SYSTEMPATH\CodeIgniter.php(502): CodeIgniter\CodeIgniter->runController(Object(App\Controllers\PageController))
 8 SYSTEMPATH\CodeIgniter.php(361): CodeIgniter\CodeIgniter->handleRequest(null, Object(Config\Cache), false)
 9 FCPATH\index.php(79): CodeIgniter\CodeIgniter->run()
CRITICAL - 2023-12-20 07:20:31 --> syntax error, unexpected token "public"
in APPPATH\Controllers\ProjectController.php on line 617.
 1 SYSTEMPATH\Autoloader\Autoloader.php(291): CodeIgniter\Autoloader\Autoloader->includeFile('C:\\xampp\\htdocs\\project-spms\\app\\Controllers\\ProjectController.php')
 2 SYSTEMPATH\Autoloader\Autoloader.php(269): CodeIgniter\Autoloader\Autoloader->loadInNamespace('App\\Controllers\\ProjectController')
 3 [internal function]: CodeIgniter\Autoloader\Autoloader->loadClass('App\\Controllers\\ProjectController')
 4 SYSTEMPATH\CodeIgniter.php(900): class_exists('\\App\\Controllers\\ProjectController', true)
 5 SYSTEMPATH\CodeIgniter.php(489): CodeIgniter\CodeIgniter->startController()
 6 SYSTEMPATH\CodeIgniter.php(361): CodeIgniter\CodeIgniter->handleRequest(null, Object(Config\Cache), false)
 7 FCPATH\index.php(79): CodeIgniter\CodeIgniter->run()
CRITICAL - 2023-12-20 07:20:44 --> syntax error, unexpected token "public"
in APPPATH\Controllers\ProjectController.php on line 617.
 1 SYSTEMPATH\Autoloader\Autoloader.php(291): CodeIgniter\Autoloader\Autoloader->includeFile('C:\\xampp\\htdocs\\project-spms\\app\\Controllers\\ProjectController.php')
 2 SYSTEMPATH\Autoloader\Autoloader.php(269): CodeIgniter\Autoloader\Autoloader->loadInNamespace('App\\Controllers\\ProjectController')
 3 [internal function]: CodeIgniter\Autoloader\Autoloader->loadClass('App\\Controllers\\ProjectController')
 4 SYSTEMPATH\CodeIgniter.php(900): class_exists('\\App\\Controllers\\ProjectController', true)
 5 SYSTEMPATH\CodeIgniter.php(489): CodeIgniter\CodeIgniter->startController()
 6 SYSTEMPATH\CodeIgniter.php(361): CodeIgniter\CodeIgniter->handleRequest(null, Object(Config\Cache), false)
 7 FCPATH\index.php(79): CodeIgniter\CodeIgniter->run()
CRITICAL - 2023-12-20 07:20:50 --> syntax error, unexpected token "public"
in APPPATH\Controllers\ProjectController.php on line 617.
 1 SYSTEMPATH\Autoloader\Autoloader.php(291): CodeIgniter\Autoloader\Autoloader->includeFile('C:\\xampp\\htdocs\\project-spms\\app\\Controllers\\ProjectController.php')
 2 SYSTEMPATH\Autoloader\Autoloader.php(269): CodeIgniter\Autoloader\Autoloader->loadInNamespace('App\\Controllers\\ProjectController')
 3 [internal function]: CodeIgniter\Autoloader\Autoloader->loadClass('App\\Controllers\\ProjectController')
 4 SYSTEMPATH\CodeIgniter.php(900): class_exists('\\App\\Controllers\\ProjectController', true)
 5 SYSTEMPATH\CodeIgniter.php(489): CodeIgniter\CodeIgniter->startController()
 6 SYSTEMPATH\CodeIgniter.php(361): CodeIgniter\CodeIgniter->handleRequest(null, Object(Config\Cache), false)
 7 FCPATH\index.php(79): CodeIgniter\CodeIgniter->run()
CRITICAL - 2023-12-20 07:50:43 --> Cannot access offset of type string on string
in APPPATH\Controllers\ProjectController.php on line 600.
 1 SYSTEMPATH\CodeIgniter.php(942): App\Controllers\ProjectController->get_data_table_project_teacher()
 2 SYSTEMPATH\CodeIgniter.php(502): CodeIgniter\CodeIgniter->runController(Object(App\Controllers\ProjectController))
 3 SYSTEMPATH\CodeIgniter.php(361): CodeIgniter\CodeIgniter->handleRequest(null, Object(Config\Cache), false)
 4 FCPATH\index.php(79): CodeIgniter\CodeIgniter->run()
CRITICAL - 2023-12-20 07:50:49 --> Cannot access offset of type string on string
in APPPATH\Controllers\ProjectController.php on line 600.
 1 SYSTEMPATH\CodeIgniter.php(942): App\Controllers\ProjectController->get_data_table_project_teacher()
 2 SYSTEMPATH\CodeIgniter.php(502): CodeIgniter\CodeIgniter->runController(Object(App\Controllers\ProjectController))
 3 SYSTEMPATH\CodeIgniter.php(361): CodeIgniter\CodeIgniter->handleRequest(null, Object(Config\Cache), false)
 4 FCPATH\index.php(79): CodeIgniter\CodeIgniter->run()
CRITICAL - 2023-12-20 07:51:45 --> Cannot access offset of type string on string
in APPPATH\Controllers\ProjectController.php on line 600.
 1 SYSTEMPATH\CodeIgniter.php(942): App\Controllers\ProjectController->get_data_table_project_teacher()
 2 SYSTEMPATH\CodeIgniter.php(502): CodeIgniter\CodeIgniter->runController(Object(App\Controllers\ProjectController))
 3 SYSTEMPATH\CodeIgniter.php(361): CodeIgniter\CodeIgniter->handleRequest(null, Object(Config\Cache), false)
 4 FCPATH\index.php(79): CodeIgniter\CodeIgniter->run()
