CRITICAL - 2023-12-18 04:17:41 --> Undefined variable $response
in APPPATH\Controllers\ProjectController.php on line 229.
 1 APPPATH\Controllers\ProjectController.php(229): CodeIgniter\Debug\Exceptions->errorHandler(2, 'Undefined variable $response', 'C:\\xampp\\htdocs\\project-spms\\app\\Controllers\\ProjectController.php', 229)
 2 SYSTEMPATH\CodeIgniter.php(942): App\Controllers\ProjectController->create_project_tk02('1')
 3 SYSTEMPATH\CodeIgniter.php(502): CodeIgniter\CodeIgniter->runController(Object(App\Controllers\ProjectController))
 4 SYSTEMPATH\CodeIgniter.php(361): CodeIgniter\CodeIgniter->handleRequest(null, Object(Config\Cache), false)
 5 FCPATH\index.php(79): CodeIgniter\CodeIgniter->run()
ERROR - 2023-12-18 04:32:44 --> mysqli_sql_exception: Column 'id_file_present' cannot be null in C:\xampp\htdocs\project-spms\vendor\codeigniter4\framework\system\Database\MySQLi\Connection.php:306
Stack trace:
#0 C:\xampp\htdocs\project-spms\vendor\codeigniter4\framework\system\Database\MySQLi\Connection.php(306): mysqli->query('INSERT INTO `tk...', 0)
#1 C:\xampp\htdocs\project-spms\vendor\codeigniter4\framework\system\Database\BaseConnection.php(693): CodeIgniter\Database\MySQLi\Connection->execute('INSERT INTO `tk...')
#2 C:\xampp\htdocs\project-spms\vendor\codeigniter4\framework\system\Database\BaseConnection.php(607): CodeIgniter\Database\BaseConnection->simpleQuery('INSERT INTO `tk...')
#3 C:\xampp\htdocs\project-spms\vendor\codeigniter4\framework\system\Database\BaseBuilder.php(2308): CodeIgniter\Database\BaseConnection->query('INSERT INTO `tk...', Array, false)
#4 C:\xampp\htdocs\project-spms\vendor\codeigniter4\framework\system\Model.php(319): CodeIgniter\Database\BaseBuilder->insert()
#5 C:\xampp\htdocs\project-spms\vendor\codeigniter4\framework\system\BaseModel.php(788): CodeIgniter\Model->doInsert(Array)
#6 C:\xampp\htdocs\project-spms\vendor\codeigniter4\framework\system\Model.php(715): CodeIgniter\BaseModel->insert(Array, true)
#7 C:\xampp\htdocs\project-spms\app\Controllers\ProjectController.php(248): CodeIgniter\Model->insert(Array)
#8 C:\xampp\htdocs\project-spms\vendor\codeigniter4\framework\system\CodeIgniter.php(942): App\Controllers\ProjectController->create_project_tk02('1')
#9 C:\xampp\htdocs\project-spms\vendor\codeigniter4\framework\system\CodeIgniter.php(502): CodeIgniter\CodeIgniter->runController(Object(App\Controllers\ProjectController))
#10 C:\xampp\htdocs\project-spms\vendor\codeigniter4\framework\system\CodeIgniter.php(361): CodeIgniter\CodeIgniter->handleRequest(NULL, Object(Config\Cache), false)
#11 C:\xampp\htdocs\project-spms\index.php(79): CodeIgniter\CodeIgniter->run()
#12 {main}
CRITICAL - 2023-12-18 04:32:44 --> Column 'id_file_present' cannot be null
in SYSTEMPATH\Database\BaseConnection.php on line 647.
 1 SYSTEMPATH\Database\BaseBuilder.php(2308): CodeIgniter\Database\BaseConnection->query('INSERT INTO `tk02_list_table` (`id_file_02`, `id_file_present`, `status_tk_02`) VALUES (:id_file_02:, :id_file_present:, :status_tk_02:)', [...], false)
 2 SYSTEMPATH\Model.php(319): CodeIgniter\Database\BaseBuilder->insert()
 3 SYSTEMPATH\BaseModel.php(788): CodeIgniter\Model->doInsert([...])
 4 SYSTEMPATH\Model.php(715): CodeIgniter\BaseModel->insert([...], true)
 5 APPPATH\Controllers\ProjectController.php(248): CodeIgniter\Model->insert([...])
 6 SYSTEMPATH\CodeIgniter.php(942): App\Controllers\ProjectController->create_project_tk02('1')
 7 SYSTEMPATH\CodeIgniter.php(502): CodeIgniter\CodeIgniter->runController(Object(App\Controllers\ProjectController))
 8 SYSTEMPATH\CodeIgniter.php(361): CodeIgniter\CodeIgniter->handleRequest(null, Object(Config\Cache), false)
 9 FCPATH\index.php(79): CodeIgniter\CodeIgniter->run()
CRITICAL - 2023-12-18 04:32:53 --> Call to a member function isValid() on null
in APPPATH\Controllers\ProjectController.php on line 219.
 1 SYSTEMPATH\CodeIgniter.php(942): App\Controllers\ProjectController->create_project_tk02('1')
 2 SYSTEMPATH\CodeIgniter.php(502): CodeIgniter\CodeIgniter->runController(Object(App\Controllers\ProjectController))
 3 SYSTEMPATH\CodeIgniter.php(361): CodeIgniter\CodeIgniter->handleRequest(null, Object(Config\Cache), false)
 4 FCPATH\index.php(79): CodeIgniter\CodeIgniter->run()
CRITICAL - 2023-12-18 06:57:28 --> Call to undefined function App\Controllers\delete_files()
in APPPATH\Controllers\ProjectController.php on line 272.
 1 SYSTEMPATH\CodeIgniter.php(942): App\Controllers\ProjectController->edit_project_tk02('1', '20', '21')
 2 SYSTEMPATH\CodeIgniter.php(502): CodeIgniter\CodeIgniter->runController(Object(App\Controllers\ProjectController))
 3 SYSTEMPATH\CodeIgniter.php(361): CodeIgniter\CodeIgniter->handleRequest(null, Object(Config\Cache), false)
 4 FCPATH\index.php(79): CodeIgniter\CodeIgniter->run()
CRITICAL - 2023-12-18 06:57:35 --> Call to a member function isValid() on null
in APPPATH\Controllers\ProjectController.php on line 270.
 1 SYSTEMPATH\CodeIgniter.php(942): App\Controllers\ProjectController->edit_project_tk02('1', '20', '21')
 2 SYSTEMPATH\CodeIgniter.php(502): CodeIgniter\CodeIgniter->runController(Object(App\Controllers\ProjectController))
 3 SYSTEMPATH\CodeIgniter.php(361): CodeIgniter\CodeIgniter->handleRequest(null, Object(Config\Cache), false)
 4 FCPATH\index.php(79): CodeIgniter\CodeIgniter->run()
CRITICAL - 2023-12-18 06:59:34 --> Call to undefined function App\Controllers\delete_files()
in APPPATH\Controllers\ProjectController.php on line 272.
 1 SYSTEMPATH\CodeIgniter.php(942): App\Controllers\ProjectController->edit_project_tk02('1', '20', '21')
 2 SYSTEMPATH\CodeIgniter.php(502): CodeIgniter\CodeIgniter->runController(Object(App\Controllers\ProjectController))
 3 SYSTEMPATH\CodeIgniter.php(361): CodeIgniter\CodeIgniter->handleRequest(null, Object(Config\Cache), false)
 4 FCPATH\index.php(79): CodeIgniter\CodeIgniter->run()
CRITICAL - 2023-12-18 07:05:42 --> Call to a member function isValid() on null
in APPPATH\Controllers\ProjectController.php on line 270.
 1 SYSTEMPATH\CodeIgniter.php(942): App\Controllers\ProjectController->edit_project_tk02('1', '20', '21')
 2 SYSTEMPATH\CodeIgniter.php(502): CodeIgniter\CodeIgniter->runController(Object(App\Controllers\ProjectController))
 3 SYSTEMPATH\CodeIgniter.php(361): CodeIgniter\CodeIgniter->handleRequest(null, Object(Config\Cache), false)
 4 FCPATH\index.php(79): CodeIgniter\CodeIgniter->run()
CRITICAL - 2023-12-18 07:07:55 --> Call to undefined function App\Controllers\delete_files()
in APPPATH\Controllers\ProjectController.php on line 272.
 1 SYSTEMPATH\CodeIgniter.php(942): App\Controllers\ProjectController->edit_project_tk02('1', '20', '21')
 2 SYSTEMPATH\CodeIgniter.php(502): CodeIgniter\CodeIgniter->runController(Object(App\Controllers\ProjectController))
 3 SYSTEMPATH\CodeIgniter.php(361): CodeIgniter\CodeIgniter->handleRequest(null, Object(Config\Cache), false)
 4 FCPATH\index.php(79): CodeIgniter\CodeIgniter->run()
CRITICAL - 2023-12-18 07:08:08 --> Call to undefined function App\Controllers\delete_files()
in APPPATH\Controllers\ProjectController.php on line 272.
 1 SYSTEMPATH\CodeIgniter.php(942): App\Controllers\ProjectController->edit_project_tk02('1', '20', '21')
 2 SYSTEMPATH\CodeIgniter.php(502): CodeIgniter\CodeIgniter->runController(Object(App\Controllers\ProjectController))
 3 SYSTEMPATH\CodeIgniter.php(361): CodeIgniter\CodeIgniter->handleRequest(null, Object(Config\Cache), false)
 4 FCPATH\index.php(79): CodeIgniter\CodeIgniter->run()
CRITICAL - 2023-12-18 08:17:21 --> Undefined variable $response
in APPPATH\Controllers\ProjectController.php on line 412.
 1 APPPATH\Controllers\ProjectController.php(412): CodeIgniter\Debug\Exceptions->errorHandler(2, 'Undefined variable $response', 'C:\\xampp\\htdocs\\project-spms\\app\\Controllers\\ProjectController.php', 412)
 2 SYSTEMPATH\CodeIgniter.php(942): App\Controllers\ProjectController->edit_project_tk03('2', '25', 'null')
 3 SYSTEMPATH\CodeIgniter.php(502): CodeIgniter\CodeIgniter->runController(Object(App\Controllers\ProjectController))
 4 SYSTEMPATH\CodeIgniter.php(361): CodeIgniter\CodeIgniter->handleRequest(null, Object(Config\Cache), false)
 5 FCPATH\index.php(79): CodeIgniter\CodeIgniter->run()
CRITICAL - 2023-12-18 08:17:24 --> Undefined variable $response
in APPPATH\Controllers\ProjectController.php on line 412.
 1 APPPATH\Controllers\ProjectController.php(412): CodeIgniter\Debug\Exceptions->errorHandler(2, 'Undefined variable $response', 'C:\\xampp\\htdocs\\project-spms\\app\\Controllers\\ProjectController.php', 412)
 2 SYSTEMPATH\CodeIgniter.php(942): App\Controllers\ProjectController->edit_project_tk03('2', '25', 'null')
 3 SYSTEMPATH\CodeIgniter.php(502): CodeIgniter\CodeIgniter->runController(Object(App\Controllers\ProjectController))
 4 SYSTEMPATH\CodeIgniter.php(361): CodeIgniter\CodeIgniter->handleRequest(null, Object(Config\Cache), false)
 5 FCPATH\index.php(79): CodeIgniter\CodeIgniter->run()
CRITICAL - 2023-12-18 08:17:33 --> Undefined variable $response
in APPPATH\Controllers\ProjectController.php on line 412.
 1 APPPATH\Controllers\ProjectController.php(412): CodeIgniter\Debug\Exceptions->errorHandler(2, 'Undefined variable $response', 'C:\\xampp\\htdocs\\project-spms\\app\\Controllers\\ProjectController.php', 412)
 2 SYSTEMPATH\CodeIgniter.php(942): App\Controllers\ProjectController->edit_project_tk03('2', '25', 'null')
 3 SYSTEMPATH\CodeIgniter.php(502): CodeIgniter\CodeIgniter->runController(Object(App\Controllers\ProjectController))
 4 SYSTEMPATH\CodeIgniter.php(361): CodeIgniter\CodeIgniter->handleRequest(null, Object(Config\Cache), false)
 5 FCPATH\index.php(79): CodeIgniter\CodeIgniter->run()
CRITICAL - 2023-12-18 09:54:17 --> There is no data to update.
in SYSTEMPATH\BaseModel.php on line 930.
 1 SYSTEMPATH\BaseModel.php(930): CodeIgniter\Database\Exceptions\DataException::forEmptyDataset('update')
 2 SYSTEMPATH\Model.php(776): CodeIgniter\BaseModel->update([...], [])
 3 APPPATH\Controllers\ProjectController.php(487): CodeIgniter\Model->update('28', [...])
 4 SYSTEMPATH\CodeIgniter.php(942): App\Controllers\ProjectController->edit_project_tk04('1', '28')
 5 SYSTEMPATH\CodeIgniter.php(502): CodeIgniter\CodeIgniter->runController(Object(App\Controllers\ProjectController))
 6 SYSTEMPATH\CodeIgniter.php(361): CodeIgniter\CodeIgniter->handleRequest(null, Object(Config\Cache), false)
 7 FCPATH\index.php(79): CodeIgniter\CodeIgniter->run()
CRITICAL - 2023-12-18 09:54:20 --> Call to a member function isValid() on null
in APPPATH\Controllers\ProjectController.php on line 477.
 1 SYSTEMPATH\CodeIgniter.php(942): App\Controllers\ProjectController->edit_project_tk04('1', '28')
 2 SYSTEMPATH\CodeIgniter.php(502): CodeIgniter\CodeIgniter->runController(Object(App\Controllers\ProjectController))
 3 SYSTEMPATH\CodeIgniter.php(361): CodeIgniter\CodeIgniter->handleRequest(null, Object(Config\Cache), false)
 4 FCPATH\index.php(79): CodeIgniter\CodeIgniter->run()
CRITICAL - 2023-12-18 09:57:30 --> Unsupported operand types: string + string
in APPPATH\Controllers\ProjectController.php on line 486.
 1 SYSTEMPATH\CodeIgniter.php(942): App\Controllers\ProjectController->edit_project_tk04('1', '28')
 2 SYSTEMPATH\CodeIgniter.php(502): CodeIgniter\CodeIgniter->runController(Object(App\Controllers\ProjectController))
 3 SYSTEMPATH\CodeIgniter.php(361): CodeIgniter\CodeIgniter->handleRequest(null, Object(Config\Cache), false)
 4 FCPATH\index.php(79): CodeIgniter\CodeIgniter->run()
CRITICAL - 2023-12-18 10:12:41 --> Call to undefined method App\Models\TK04_Models::getFileTK04
in SYSTEMPATH\Model.php on line 873.
 1 APPPATH\Controllers\ProjectController.php(577): CodeIgniter\Model->__call('getFileTK04', [...])
 2 SYSTEMPATH\CodeIgniter.php(942): App\Controllers\ProjectController->get_data_default('1')
 3 SYSTEMPATH\CodeIgniter.php(502): CodeIgniter\CodeIgniter->runController(Object(App\Controllers\ProjectController))
 4 SYSTEMPATH\CodeIgniter.php(361): CodeIgniter\CodeIgniter->handleRequest(null, Object(Config\Cache), false)
 5 FCPATH\index.php(79): CodeIgniter\CodeIgniter->run()
ERROR - 2023-12-18 10:26:02 --> Error connecting to the database: mysqli_sql_exception: No connection could be made because the target machine actively refused it in C:\xampp\htdocs\project-spms\vendor\codeigniter4\framework\system\Database\MySQLi\Connection.php:184
Stack trace:
#0 C:\xampp\htdocs\project-spms\vendor\codeigniter4\framework\system\Database\MySQLi\Connection.php(184): mysqli->real_connect('localhost', 'root', Object(SensitiveParameterValue), 'project_spms', 3306, '', 0)
#1 C:\xampp\htdocs\project-spms\vendor\codeigniter4\framework\system\Database\BaseConnection.php(392): CodeIgniter\Database\MySQLi\Connection->connect(false)
#2 C:\xampp\htdocs\project-spms\vendor\codeigniter4\framework\system\Database\BaseConnection.php(575): CodeIgniter\Database\BaseConnection->initialize()
#3 C:\xampp\htdocs\project-spms\vendor\codeigniter4\framework\system\Database\BaseBuilder.php(1615): CodeIgniter\Database\BaseConnection->query('SELECT *\nFROM `...', Array, false)
#4 C:\xampp\htdocs\project-spms\vendor\codeigniter4\framework\system\Model.php(237): CodeIgniter\Database\BaseBuilder->get()
#5 C:\xampp\htdocs\project-spms\vendor\codeigniter4\framework\system\BaseModel.php(624): CodeIgniter\Model->doFindAll(0, 0)
#6 C:\xampp\htdocs\project-spms\app\Controllers\PageController.php(19): CodeIgniter\BaseModel->findAll()
#7 C:\xampp\htdocs\project-spms\vendor\codeigniter4\framework\system\CodeIgniter.php(942): App\Controllers\PageController->index_home()
#8 C:\xampp\htdocs\project-spms\vendor\codeigniter4\framework\system\CodeIgniter.php(502): CodeIgniter\CodeIgniter->runController(Object(App\Controllers\PageController))
#9 C:\xampp\htdocs\project-spms\vendor\codeigniter4\framework\system\CodeIgniter.php(361): CodeIgniter\CodeIgniter->handleRequest(NULL, Object(Config\Cache), false)
#10 C:\xampp\htdocs\project-spms\index.php(79): CodeIgniter\CodeIgniter->run()
#11 {main}

Next CodeIgniter\Database\Exceptions\DatabaseException: No connection could be made because the target machine actively refused it in C:\xampp\htdocs\project-spms\vendor\codeigniter4\framework\system\Database\MySQLi\Connection.php:229
Stack trace:
#0 C:\xampp\htdocs\project-spms\vendor\codeigniter4\framework\system\Database\BaseConnection.php(392): CodeIgniter\Database\MySQLi\Connection->connect(false)
#1 C:\xampp\htdocs\project-spms\vendor\codeigniter4\framework\system\Database\BaseConnection.php(575): CodeIgniter\Database\BaseConnection->initialize()
#2 C:\xampp\htdocs\project-spms\vendor\codeigniter4\framework\system\Database\BaseBuilder.php(1615): CodeIgniter\Database\BaseConnection->query('SELECT *\nFROM `...', Array, false)
#3 C:\xampp\htdocs\project-spms\vendor\codeigniter4\framework\system\Model.php(237): CodeIgniter\Database\BaseBuilder->get()
#4 C:\xampp\htdocs\project-spms\vendor\codeigniter4\framework\system\BaseModel.php(624): CodeIgniter\Model->doFindAll(0, 0)
#5 C:\xampp\htdocs\project-spms\app\Controllers\PageController.php(19): CodeIgniter\BaseModel->findAll()
#6 C:\xampp\htdocs\project-spms\vendor\codeigniter4\framework\system\CodeIgniter.php(942): App\Controllers\PageController->index_home()
#7 C:\xampp\htdocs\project-spms\vendor\codeigniter4\framework\system\CodeIgniter.php(502): CodeIgniter\CodeIgniter->runController(Object(App\Controllers\PageController))
#8 C:\xampp\htdocs\project-spms\vendor\codeigniter4\framework\system\CodeIgniter.php(361): CodeIgniter\CodeIgniter->handleRequest(NULL, Object(Config\Cache), false)
#9 C:\xampp\htdocs\project-spms\index.php(79): CodeIgniter\CodeIgniter->run()
#10 {main}
CRITICAL - 2023-12-18 10:26:02 --> Unable to connect to the database.
Main connection [MySQLi]: No connection could be made because the target machine actively refused it
in SYSTEMPATH\Database\BaseConnection.php on line 428.
 1 SYSTEMPATH\Database\BaseConnection.php(575): CodeIgniter\Database\BaseConnection->initialize()
 2 SYSTEMPATH\Database\BaseBuilder.php(1615): CodeIgniter\Database\BaseConnection->query('SELECT *
FROM `news_list_table`
WHERE `status_news` = :status_news:', [...], false)
 3 SYSTEMPATH\Model.php(237): CodeIgniter\Database\BaseBuilder->get()
 4 SYSTEMPATH\BaseModel.php(624): CodeIgniter\Model->doFindAll(0, 0)
 5 APPPATH\Controllers\PageController.php(19): CodeIgniter\BaseModel->findAll()
 6 SYSTEMPATH\CodeIgniter.php(942): App\Controllers\PageController->index_home()
 7 SYSTEMPATH\CodeIgniter.php(502): CodeIgniter\CodeIgniter->runController(Object(App\Controllers\PageController))
 8 SYSTEMPATH\CodeIgniter.php(361): CodeIgniter\CodeIgniter->handleRequest(null, Object(Config\Cache), false)
 9 FCPATH\index.php(79): CodeIgniter\CodeIgniter->run()
