CRITICAL - 2023-12-21 08:33:16 --> There is no data to update.
in SYSTEMPATH\BaseModel.php on line 930.
 1 SYSTEMPATH\BaseModel.php(930): CodeIgniter\Database\Exceptions\DataException::forEmptyDataset('update')
 2 SYSTEMPATH\Model.php(776): CodeIgniter\BaseModel->update([...], [])
 3 APPPATH\Controllers\FileController.php(28): CodeIgniter\Model->update('44', [...])
 4 SYSTEMPATH\CodeIgniter.php(942): App\Controllers\FileController->change_status('44', '1')
 5 SYSTEMPATH\CodeIgniter.php(502): CodeIgniter\CodeIgniter->runController(Object(App\Controllers\FileController))
 6 SYSTEMPATH\CodeIgniter.php(361): CodeIgniter\CodeIgniter->handleRequest(null, Object(Config\Cache), false)
 7 FCPATH\index.php(79): CodeIgniter\CodeIgniter->run()
CRITICAL - 2023-12-21 08:33:27 --> There is no data to update.
in SYSTEMPATH\BaseModel.php on line 930.
 1 SYSTEMPATH\BaseModel.php(930): CodeIgniter\Database\Exceptions\DataException::forEmptyDataset('update')
 2 SYSTEMPATH\Model.php(776): CodeIgniter\BaseModel->update([...], [])
 3 APPPATH\Controllers\FileController.php(28): CodeIgniter\Model->update('44', [...])
 4 SYSTEMPATH\CodeIgniter.php(942): App\Controllers\FileController->change_status('44', '1')
 5 SYSTEMPATH\CodeIgniter.php(502): CodeIgniter\CodeIgniter->runController(Object(App\Controllers\FileController))
 6 SYSTEMPATH\CodeIgniter.php(361): CodeIgniter\CodeIgniter->handleRequest(null, Object(Config\Cache), false)
 7 FCPATH\index.php(79): CodeIgniter\CodeIgniter->run()
CRITICAL - 2023-12-21 13:34:04 --> Undefined variable $filteredData
in APPPATH\Views\student\time_list.php on line 89.
 1 APPPATH\Views\student\time_list.php(89): CodeIgniter\Debug\Exceptions->errorHandler(2, 'Undefined variable $filteredData', 'C:\\xampp\\htdocs\\project-spms\\app\\Views\\student\\time_list.php', 89)
 2 SYSTEMPATH\View\View.php(228): include('C:\\xampp\\htdocs\\project-spms\\app\\Views\\student\\time_list.php')
 3 SYSTEMPATH\View\View.php(231): CodeIgniter\View\View->CodeIgniter\View\{closure}()
 4 SYSTEMPATH\Common.php(1190): CodeIgniter\View\View->render('student/time_list', [], true)
 5 APPPATH\Controllers\PageController.php(36): view('student/time_list', [...])
 6 SYSTEMPATH\CodeIgniter.php(942): App\Controllers\PageController->index_timelist_student()
 7 SYSTEMPATH\CodeIgniter.php(502): CodeIgniter\CodeIgniter->runController(Object(App\Controllers\PageController))
 8 SYSTEMPATH\CodeIgniter.php(361): CodeIgniter\CodeIgniter->handleRequest(null, Object(Config\Cache), false)
 9 FCPATH\index.php(79): CodeIgniter\CodeIgniter->run()
CRITICAL - 2023-12-21 13:47:43 --> Undefined variable $sortOrder
in APPPATH\Views\student\time_list.php on line 103.
 1 APPPATH\Views\student\time_list.php(103): CodeIgniter\Debug\Exceptions->errorHandler(2, 'Undefined variable $sortOrder', 'C:\\xampp\\htdocs\\project-spms\\app\\Views\\student\\time_list.php', 103)
 2 SYSTEMPATH\View\View.php(228): include('C:\\xampp\\htdocs\\project-spms\\app\\Views\\student\\time_list.php')
 3 SYSTEMPATH\View\View.php(231): CodeIgniter\View\View->CodeIgniter\View\{closure}()
 4 SYSTEMPATH\Common.php(1190): CodeIgniter\View\View->render('student/time_list', [], true)
 5 APPPATH\Controllers\PageController.php(36): view('student/time_list', [...])
 6 SYSTEMPATH\CodeIgniter.php(942): App\Controllers\PageController->index_timelist_student()
 7 SYSTEMPATH\CodeIgniter.php(502): CodeIgniter\CodeIgniter->runController(Object(App\Controllers\PageController))
 8 SYSTEMPATH\CodeIgniter.php(361): CodeIgniter\CodeIgniter->handleRequest(null, Object(Config\Cache), false)
 9 FCPATH\index.php(79): CodeIgniter\CodeIgniter->run()
