CRITICAL - 2023-12-31 09:58:33 --> Undefined array key "id_tk02"
in APPPATH\Controllers\TESTController.php on line 193.
 1 APPPATH\Controllers\TESTController.php(193): CodeIgniter\Debug\Exceptions->errorHandler(2, 'Undefined array key "id_tk02"', 'C:\\xampp\\htdocs\\project-spms\\app\\Controllers\\TESTController.php', 193)
 2 SYSTEMPATH\CodeIgniter.php(942): App\Controllers\TESTController->change_status('12', '2', '1')
 3 SYSTEMPATH\CodeIgniter.php(502): CodeIgniter\CodeIgniter->runController(Object(App\Controllers\TESTController))
 4 SYSTEMPATH\CodeIgniter.php(361): CodeIgniter\CodeIgniter->handleRequest(null, Object(Config\Cache), false)
 5 FCPATH\index.php(79): CodeIgniter\CodeIgniter->run()
CRITICAL - 2023-12-31 09:58:36 --> Undefined array key "id_tk02"
in APPPATH\Controllers\TESTController.php on line 193.
 1 APPPATH\Controllers\TESTController.php(193): CodeIgniter\Debug\Exceptions->errorHandler(2, 'Undefined array key "id_tk02"', 'C:\\xampp\\htdocs\\project-spms\\app\\Controllers\\TESTController.php', 193)
 2 SYSTEMPATH\CodeIgniter.php(942): App\Controllers\TESTController->change_status('12', '2', '1')
 3 SYSTEMPATH\CodeIgniter.php(502): CodeIgniter\CodeIgniter->runController(Object(App\Controllers\TESTController))
 4 SYSTEMPATH\CodeIgniter.php(361): CodeIgniter\CodeIgniter->handleRequest(null, Object(Config\Cache), false)
 5 FCPATH\index.php(79): CodeIgniter\CodeIgniter->run()
CRITICAL - 2023-12-31 10:07:04 --> Undefined array key "id_tk_03"
in APPPATH\Controllers\TESTController.php on line 195.
 1 APPPATH\Controllers\TESTController.php(195): CodeIgniter\Debug\Exceptions->errorHandler(2, 'Undefined array key "id_tk_03"', 'C:\\xampp\\htdocs\\project-spms\\app\\Controllers\\TESTController.php', 195)
 2 SYSTEMPATH\CodeIgniter.php(942): App\Controllers\TESTController->change_status('3', '2', '2')
 3 SYSTEMPATH\CodeIgniter.php(502): CodeIgniter\CodeIgniter->runController(Object(App\Controllers\TESTController))
 4 SYSTEMPATH\CodeIgniter.php(361): CodeIgniter\CodeIgniter->handleRequest(null, Object(Config\Cache), false)
 5 FCPATH\index.php(79): CodeIgniter\CodeIgniter->run()
CRITICAL - 2023-12-31 10:07:07 --> Undefined array key "id_tk_03"
in APPPATH\Controllers\TESTController.php on line 195.
 1 APPPATH\Controllers\TESTController.php(195): CodeIgniter\Debug\Exceptions->errorHandler(2, 'Undefined array key "id_tk_03"', 'C:\\xampp\\htdocs\\project-spms\\app\\Controllers\\TESTController.php', 195)
 2 SYSTEMPATH\CodeIgniter.php(942): App\Controllers\TESTController->change_status('3', '2', '2')
 3 SYSTEMPATH\CodeIgniter.php(502): CodeIgniter\CodeIgniter->runController(Object(App\Controllers\TESTController))
 4 SYSTEMPATH\CodeIgniter.php(361): CodeIgniter\CodeIgniter->handleRequest(null, Object(Config\Cache), false)
 5 FCPATH\index.php(79): CodeIgniter\CodeIgniter->run()
CRITICAL - 2023-12-31 10:08:47 --> Undefined array key "data_test_"
in APPPATH\Controllers\TESTController.php on line 160.
 1 APPPATH\Controllers\TESTController.php(160): CodeIgniter\Debug\Exceptions->errorHandler(2, 'Undefined array key "data_test_"', 'C:\\xampp\\htdocs\\project-spms\\app\\Controllers\\TESTController.php', 160)
 2 SYSTEMPATH\CodeIgniter.php(942): App\Controllers\TESTController->get_data_test_type_teacher('1')
 3 SYSTEMPATH\CodeIgniter.php(502): CodeIgniter\CodeIgniter->runController(Object(App\Controllers\TESTController))
 4 SYSTEMPATH\CodeIgniter.php(361): CodeIgniter\CodeIgniter->handleRequest(null, Object(Config\Cache), false)
 5 FCPATH\index.php(79): CodeIgniter\CodeIgniter->run()
CRITICAL - 2023-12-31 10:09:16 --> Undefined array key "data_test_"
in APPPATH\Controllers\TESTController.php on line 160.
 1 APPPATH\Controllers\TESTController.php(160): CodeIgniter\Debug\Exceptions->errorHandler(2, 'Undefined array key "data_test_"', 'C:\\xampp\\htdocs\\project-spms\\app\\Controllers\\TESTController.php', 160)
 2 SYSTEMPATH\CodeIgniter.php(942): App\Controllers\TESTController->get_data_test_type_teacher('1')
 3 SYSTEMPATH\CodeIgniter.php(502): CodeIgniter\CodeIgniter->runController(Object(App\Controllers\TESTController))
 4 SYSTEMPATH\CodeIgniter.php(361): CodeIgniter\CodeIgniter->handleRequest(null, Object(Config\Cache), false)
 5 FCPATH\index.php(79): CodeIgniter\CodeIgniter->run()
CRITICAL - 2023-12-31 10:10:15 --> Undefined array key "data_test_"
in APPPATH\Controllers\TESTController.php on line 159.
 1 APPPATH\Controllers\TESTController.php(159): CodeIgniter\Debug\Exceptions->errorHandler(2, 'Undefined array key "data_test_"', 'C:\\xampp\\htdocs\\project-spms\\app\\Controllers\\TESTController.php', 159)
 2 SYSTEMPATH\CodeIgniter.php(942): App\Controllers\TESTController->get_data_test_type_teacher('1')
 3 SYSTEMPATH\CodeIgniter.php(502): CodeIgniter\CodeIgniter->runController(Object(App\Controllers\TESTController))
 4 SYSTEMPATH\CodeIgniter.php(361): CodeIgniter\CodeIgniter->handleRequest(null, Object(Config\Cache), false)
 5 FCPATH\index.php(79): CodeIgniter\CodeIgniter->run()
CRITICAL - 2023-12-31 10:10:18 --> Undefined array key "data_test_"
in APPPATH\Controllers\TESTController.php on line 159.
 1 APPPATH\Controllers\TESTController.php(159): CodeIgniter\Debug\Exceptions->errorHandler(2, 'Undefined array key "data_test_"', 'C:\\xampp\\htdocs\\project-spms\\app\\Controllers\\TESTController.php', 159)
 2 SYSTEMPATH\CodeIgniter.php(942): App\Controllers\TESTController->get_data_test_type_teacher('1')
 3 SYSTEMPATH\CodeIgniter.php(502): CodeIgniter\CodeIgniter->runController(Object(App\Controllers\TESTController))
 4 SYSTEMPATH\CodeIgniter.php(361): CodeIgniter\CodeIgniter->handleRequest(null, Object(Config\Cache), false)
 5 FCPATH\index.php(79): CodeIgniter\CodeIgniter->run()
CRITICAL - 2023-12-31 10:10:55 --> Undefined array key "data_test_"
in APPPATH\Controllers\TESTController.php on line 159.
 1 APPPATH\Controllers\TESTController.php(159): CodeIgniter\Debug\Exceptions->errorHandler(2, 'Undefined array key "data_test_"', 'C:\\xampp\\htdocs\\project-spms\\app\\Controllers\\TESTController.php', 159)
 2 SYSTEMPATH\CodeIgniter.php(942): App\Controllers\TESTController->get_data_test_type_teacher('1')
 3 SYSTEMPATH\CodeIgniter.php(502): CodeIgniter\CodeIgniter->runController(Object(App\Controllers\TESTController))
 4 SYSTEMPATH\CodeIgniter.php(361): CodeIgniter\CodeIgniter->handleRequest(null, Object(Config\Cache), false)
 5 FCPATH\index.php(79): CodeIgniter\CodeIgniter->run()
CRITICAL - 2023-12-31 10:10:57 --> Undefined array key "data_test_"
in APPPATH\Controllers\TESTController.php on line 159.
 1 APPPATH\Controllers\TESTController.php(159): CodeIgniter\Debug\Exceptions->errorHandler(2, 'Undefined array key "data_test_"', 'C:\\xampp\\htdocs\\project-spms\\app\\Controllers\\TESTController.php', 159)
 2 SYSTEMPATH\CodeIgniter.php(942): App\Controllers\TESTController->get_data_test_type_teacher('1')
 3 SYSTEMPATH\CodeIgniter.php(502): CodeIgniter\CodeIgniter->runController(Object(App\Controllers\TESTController))
 4 SYSTEMPATH\CodeIgniter.php(361): CodeIgniter\CodeIgniter->handleRequest(null, Object(Config\Cache), false)
 5 FCPATH\index.php(79): CodeIgniter\CodeIgniter->run()
CRITICAL - 2023-12-31 10:11:28 --> Undefined array key "data_test_"
in APPPATH\Controllers\TESTController.php on line 162.
 1 APPPATH\Controllers\TESTController.php(162): CodeIgniter\Debug\Exceptions->errorHandler(2, 'Undefined array key "data_test_"', 'C:\\xampp\\htdocs\\project-spms\\app\\Controllers\\TESTController.php', 162)
 2 SYSTEMPATH\CodeIgniter.php(942): App\Controllers\TESTController->get_data_test_type_teacher('1')
 3 SYSTEMPATH\CodeIgniter.php(502): CodeIgniter\CodeIgniter->runController(Object(App\Controllers\TESTController))
 4 SYSTEMPATH\CodeIgniter.php(361): CodeIgniter\CodeIgniter->handleRequest(null, Object(Config\Cache), false)
 5 FCPATH\index.php(79): CodeIgniter\CodeIgniter->run()
CRITICAL - 2023-12-31 10:16:05 --> Undefined array key "data_test_"
in APPPATH\Controllers\TESTController.php on line 129.
 1 APPPATH\Controllers\TESTController.php(129): CodeIgniter\Debug\Exceptions->errorHandler(2, 'Undefined array key "data_test_"', 'C:\\xampp\\htdocs\\project-spms\\app\\Controllers\\TESTController.php', 129)
 2 SYSTEMPATH\CodeIgniter.php(942): App\Controllers\TESTController->get_data_test_type_student('1')
 3 SYSTEMPATH\CodeIgniter.php(502): CodeIgniter\CodeIgniter->runController(Object(App\Controllers\TESTController))
 4 SYSTEMPATH\CodeIgniter.php(361): CodeIgniter\CodeIgniter->handleRequest(null, Object(Config\Cache), false)
 5 FCPATH\index.php(79): CodeIgniter\CodeIgniter->run()
