ERROR - 2023-12-13 03:06:55 --> mysqli_sql_exception: Unknown column 'name' in 'where clause' in C:\xampp\htdocs\project-spms\vendor\codeigniter4\framework\system\Database\MySQLi\Connection.php:306
Stack trace:
#0 C:\xampp\htdocs\project-spms\vendor\codeigniter4\framework\system\Database\MySQLi\Connection.php(306): mysqli->query('SELECT *\nFROM `...', 0)
#1 C:\xampp\htdocs\project-spms\vendor\codeigniter4\framework\system\Database\BaseConnection.php(693): CodeIgniter\Database\MySQLi\Connection->execute('SELECT *\nFROM `...')
#2 C:\xampp\htdocs\project-spms\vendor\codeigniter4\framework\system\Database\BaseConnection.php(607): CodeIgniter\Database\BaseConnection->simpleQuery('SELECT *\nFROM `...')
#3 C:\xampp\htdocs\project-spms\vendor\codeigniter4\framework\system\Database\BaseBuilder.php(1615): CodeIgniter\Database\BaseConnection->query('SELECT *\nFROM `...', Array, false)
#4 C:\xampp\htdocs\project-spms\vendor\codeigniter4\framework\system\Model.php(237): CodeIgniter\Database\BaseBuilder->get()
#5 C:\xampp\htdocs\project-spms\vendor\codeigniter4\framework\system\BaseModel.php(624): CodeIgniter\Model->doFindAll(10, 0)
#6 C:\xampp\htdocs\project-spms\app\Controllers\UserController.php(91): CodeIgniter\BaseModel->findAll(10, 0)
#7 C:\xampp\htdocs\project-spms\vendor\codeigniter4\framework\system\CodeIgniter.php(942): App\Controllers\UserController->get_data_table_user('1')
#8 C:\xampp\htdocs\project-spms\vendor\codeigniter4\framework\system\CodeIgniter.php(502): CodeIgniter\CodeIgniter->runController(Object(App\Controllers\UserController))
#9 C:\xampp\htdocs\project-spms\vendor\codeigniter4\framework\system\CodeIgniter.php(361): CodeIgniter\CodeIgniter->handleRequest(NULL, Object(Config\Cache), false)
#10 C:\xampp\htdocs\project-spms\index.php(79): CodeIgniter\CodeIgniter->run()
#11 {main}
CRITICAL - 2023-12-13 03:06:56 --> Unknown column 'name' in 'where clause'
in SYSTEMPATH\Database\BaseConnection.php on line 647.
 1 SYSTEMPATH\Database\BaseBuilder.php(1615): CodeIgniter\Database\BaseConnection->query('SELECT *
FROM `user_table`
WHERE   (
`email_user` LIKE :email_user: ESCAPE \'!\'
OR  `name` LIKE :name: ESCAPE \'!\'
OR  `lastname` LIKE :lastname: ESCAPE \'!\'
OR  `phone` LIKE :phone: ESCAPE \'!\'
 )
AND `type_user` = :type_user.1:
 LIMIT 10', [...], false)
 2 SYSTEMPATH\Model.php(237): CodeIgniter\Database\BaseBuilder->get()
 3 SYSTEMPATH\BaseModel.php(624): CodeIgniter\Model->doFindAll(10, 0)
 4 APPPATH\Controllers\UserController.php(91): CodeIgniter\BaseModel->findAll(10, 0)
 5 SYSTEMPATH\CodeIgniter.php(942): App\Controllers\UserController->get_data_table_user('1')
 6 SYSTEMPATH\CodeIgniter.php(502): CodeIgniter\CodeIgniter->runController(Object(App\Controllers\UserController))
 7 SYSTEMPATH\CodeIgniter.php(361): CodeIgniter\CodeIgniter->handleRequest(null, Object(Config\Cache), false)
 8 FCPATH\index.php(79): CodeIgniter\CodeIgniter->run()
ERROR - 2023-12-13 03:07:02 --> mysqli_sql_exception: Unknown column 'name' in 'where clause' in C:\xampp\htdocs\project-spms\vendor\codeigniter4\framework\system\Database\MySQLi\Connection.php:306
Stack trace:
#0 C:\xampp\htdocs\project-spms\vendor\codeigniter4\framework\system\Database\MySQLi\Connection.php(306): mysqli->query('SELECT *\nFROM `...', 0)
#1 C:\xampp\htdocs\project-spms\vendor\codeigniter4\framework\system\Database\BaseConnection.php(693): CodeIgniter\Database\MySQLi\Connection->execute('SELECT *\nFROM `...')
#2 C:\xampp\htdocs\project-spms\vendor\codeigniter4\framework\system\Database\BaseConnection.php(607): CodeIgniter\Database\BaseConnection->simpleQuery('SELECT *\nFROM `...')
#3 C:\xampp\htdocs\project-spms\vendor\codeigniter4\framework\system\Database\BaseBuilder.php(1615): CodeIgniter\Database\BaseConnection->query('SELECT *\nFROM `...', Array, false)
#4 C:\xampp\htdocs\project-spms\vendor\codeigniter4\framework\system\Model.php(237): CodeIgniter\Database\BaseBuilder->get()
#5 C:\xampp\htdocs\project-spms\vendor\codeigniter4\framework\system\BaseModel.php(624): CodeIgniter\Model->doFindAll(10, 0)
#6 C:\xampp\htdocs\project-spms\app\Controllers\UserController.php(91): CodeIgniter\BaseModel->findAll(10, 0)
#7 C:\xampp\htdocs\project-spms\vendor\codeigniter4\framework\system\CodeIgniter.php(942): App\Controllers\UserController->get_data_table_user('1')
#8 C:\xampp\htdocs\project-spms\vendor\codeigniter4\framework\system\CodeIgniter.php(502): CodeIgniter\CodeIgniter->runController(Object(App\Controllers\UserController))
#9 C:\xampp\htdocs\project-spms\vendor\codeigniter4\framework\system\CodeIgniter.php(361): CodeIgniter\CodeIgniter->handleRequest(NULL, Object(Config\Cache), false)
#10 C:\xampp\htdocs\project-spms\index.php(79): CodeIgniter\CodeIgniter->run()
#11 {main}
CRITICAL - 2023-12-13 03:07:02 --> Unknown column 'name' in 'where clause'
in SYSTEMPATH\Database\BaseConnection.php on line 647.
 1 SYSTEMPATH\Database\BaseBuilder.php(1615): CodeIgniter\Database\BaseConnection->query('SELECT *
FROM `user_table`
WHERE   (
`email_user` LIKE :email_user: ESCAPE \'!\'
OR  `name` LIKE :name: ESCAPE \'!\'
OR  `lastname` LIKE :lastname: ESCAPE \'!\'
OR  `phone` LIKE :phone: ESCAPE \'!\'
 )
AND `type_user` = :type_user.1:
 LIMIT 10', [...], false)
 2 SYSTEMPATH\Model.php(237): CodeIgniter\Database\BaseBuilder->get()
 3 SYSTEMPATH\BaseModel.php(624): CodeIgniter\Model->doFindAll(10, 0)
 4 APPPATH\Controllers\UserController.php(91): CodeIgniter\BaseModel->findAll(10, 0)
 5 SYSTEMPATH\CodeIgniter.php(942): App\Controllers\UserController->get_data_table_user('1')
 6 SYSTEMPATH\CodeIgniter.php(502): CodeIgniter\CodeIgniter->runController(Object(App\Controllers\UserController))
 7 SYSTEMPATH\CodeIgniter.php(361): CodeIgniter\CodeIgniter->handleRequest(null, Object(Config\Cache), false)
 8 FCPATH\index.php(79): CodeIgniter\CodeIgniter->run()
CRITICAL - 2023-12-13 03:44:29 --> Undefined variable $type_hideen
in APPPATH\Views\modal\crud_user.php on line 16.
 1 APPPATH\Views\modal\crud_user.php(16): CodeIgniter\Debug\Exceptions->errorHandler(2, 'Undefined variable $type_hideen', 'C:\\xampp\\htdocs\\project-spms\\app\\Views\\modal\\crud_user.php', 16)
 2 SYSTEMPATH\View\View.php(228): include('C:\\xampp\\htdocs\\project-spms\\app\\Views\\modal\\crud_user.php')
 3 SYSTEMPATH\View\View.php(231): CodeIgniter\View\View->CodeIgniter\View\{closure}()
 4 SYSTEMPATH\View\View.php(469): CodeIgniter\View\View->render('modal/crud_user', null, true)
 5 APPPATH\Views\admin\student_table.php(61): CodeIgniter\View\View->include('modal/crud_user')
 6 SYSTEMPATH\View\View.php(228): include('C:\\xampp\\htdocs\\project-spms\\app\\Views\\admin\\student_table.php')
 7 SYSTEMPATH\View\View.php(231): CodeIgniter\View\View->CodeIgniter\View\{closure}()
 8 SYSTEMPATH\Common.php(1190): CodeIgniter\View\View->render('admin/student_table', [], true)
 9 APPPATH\Controllers\PageController.php(82): view('admin/student_table')
10 SYSTEMPATH\CodeIgniter.php(942): App\Controllers\PageController->index_student_table()
11 SYSTEMPATH\CodeIgniter.php(502): CodeIgniter\CodeIgniter->runController(Object(App\Controllers\PageController))
12 SYSTEMPATH\CodeIgniter.php(361): CodeIgniter\CodeIgniter->handleRequest(null, Object(Config\Cache), false)
13 FCPATH\index.php(79): CodeIgniter\CodeIgniter->run()
CRITICAL - 2023-12-13 04:31:22 --> Invalid file: "admin/officer_table.php"
in SYSTEMPATH\Exceptions\FrameworkException.php on line 39.
 1 SYSTEMPATH\View\View.php(216): CodeIgniter\Exceptions\FrameworkException::forInvalidFile('admin/officer_table.php')
 2 SYSTEMPATH\Common.php(1190): CodeIgniter\View\View->render('admin/officer_table', [], true)
 3 APPPATH\Controllers\PageController.php(94): view('admin/officer_table')
 4 SYSTEMPATH\CodeIgniter.php(942): App\Controllers\PageController->index_officer_table()
 5 SYSTEMPATH\CodeIgniter.php(502): CodeIgniter\CodeIgniter->runController(Object(App\Controllers\PageController))
 6 SYSTEMPATH\CodeIgniter.php(361): CodeIgniter\CodeIgniter->handleRequest(null, Object(Config\Cache), false)
 7 FCPATH\index.php(79): CodeIgniter\CodeIgniter->run()
CRITICAL - 2023-12-13 06:29:57 --> Undefined variable $type_disable
in APPPATH\Views\modal\create_news.php on line 31.
 1 APPPATH\Views\modal\create_news.php(31): CodeIgniter\Debug\Exceptions->errorHandler(2, 'Undefined variable $type_disable', 'C:\\xampp\\htdocs\\project-spms\\app\\Views\\modal\\create_news.php', 31)
 2 SYSTEMPATH\View\View.php(228): include('C:\\xampp\\htdocs\\project-spms\\app\\Views\\modal\\create_news.php')
 3 SYSTEMPATH\View\View.php(231): CodeIgniter\View\View->CodeIgniter\View\{closure}()
 4 SYSTEMPATH\View\View.php(469): CodeIgniter\View\View->render('modal/create_news', null, true)
 5 APPPATH\Views\officer\news_table.php(60): CodeIgniter\View\View->include('modal/create_news')
 6 SYSTEMPATH\View\View.php(228): include('C:\\xampp\\htdocs\\project-spms\\app\\Views\\officer\\news_table.php')
 7 SYSTEMPATH\View\View.php(231): CodeIgniter\View\View->CodeIgniter\View\{closure}()
 8 SYSTEMPATH\Common.php(1190): CodeIgniter\View\View->render('officer/news_table', [], true)
 9 APPPATH\Controllers\PageController.php(81): view('officer/news_table')
10 SYSTEMPATH\CodeIgniter.php(942): App\Controllers\PageController->index_news_table()
11 SYSTEMPATH\CodeIgniter.php(502): CodeIgniter\CodeIgniter->runController(Object(App\Controllers\PageController))
12 SYSTEMPATH\CodeIgniter.php(361): CodeIgniter\CodeIgniter->handleRequest(null, Object(Config\Cache), false)
13 FCPATH\index.php(79): CodeIgniter\CodeIgniter->run()
CRITICAL - 2023-12-13 07:39:18 --> Undefined array key 1
in APPPATH\Controllers\NewsController.php on line 90.
 1 APPPATH\Controllers\NewsController.php(90): CodeIgniter\Debug\Exceptions->errorHandler(2, 'Undefined array key 1', 'C:\\xampp\\htdocs\\project-spms\\app\\Controllers\\NewsController.php', 90)
 2 SYSTEMPATH\CodeIgniter.php(942): App\Controllers\NewsController->get_data_table_news()
 3 SYSTEMPATH\CodeIgniter.php(502): CodeIgniter\CodeIgniter->runController(Object(App\Controllers\NewsController))
 4 SYSTEMPATH\CodeIgniter.php(361): CodeIgniter\CodeIgniter->handleRequest(null, Object(Config\Cache), false)
 5 FCPATH\index.php(79): CodeIgniter\CodeIgniter->run()
CRITICAL - 2023-12-13 07:39:25 --> Undefined array key 2
in APPPATH\Controllers\NewsController.php on line 90.
 1 APPPATH\Controllers\NewsController.php(90): CodeIgniter\Debug\Exceptions->errorHandler(2, 'Undefined array key 2', 'C:\\xampp\\htdocs\\project-spms\\app\\Controllers\\NewsController.php', 90)
 2 SYSTEMPATH\CodeIgniter.php(942): App\Controllers\NewsController->get_data_table_news()
 3 SYSTEMPATH\CodeIgniter.php(502): CodeIgniter\CodeIgniter->runController(Object(App\Controllers\NewsController))
 4 SYSTEMPATH\CodeIgniter.php(361): CodeIgniter\CodeIgniter->handleRequest(null, Object(Config\Cache), false)
 5 FCPATH\index.php(79): CodeIgniter\CodeIgniter->run()
CRITICAL - 2023-12-13 07:39:28 --> Undefined array key 3
in APPPATH\Controllers\NewsController.php on line 90.
 1 APPPATH\Controllers\NewsController.php(90): CodeIgniter\Debug\Exceptions->errorHandler(2, 'Undefined array key 3', 'C:\\xampp\\htdocs\\project-spms\\app\\Controllers\\NewsController.php', 90)
 2 SYSTEMPATH\CodeIgniter.php(942): App\Controllers\NewsController->get_data_table_news()
 3 SYSTEMPATH\CodeIgniter.php(502): CodeIgniter\CodeIgniter->runController(Object(App\Controllers\NewsController))
 4 SYSTEMPATH\CodeIgniter.php(361): CodeIgniter\CodeIgniter->handleRequest(null, Object(Config\Cache), false)
 5 FCPATH\index.php(79): CodeIgniter\CodeIgniter->run()
